2025-02-17 16:47:23,284 - INFO - 开始抓取: https://www.ximalaya.com/album/30642008?source=pc_jump
2025-02-17 16:47:23,284 - INFO - ====== WebDriver manager ======
2025-02-17 16:47:23,516 - INFO - Get LATEST chromedriver version for google-chrome
2025-02-17 16:47:23,976 - INFO - Get LATEST chromedriver version for google-chrome
2025-02-17 16:47:24,427 - INFO - Get LATEST chromedriver version for google-chrome
2025-02-17 16:47:25,512 - INFO - WebDriver version 133.0.6943.98 selected
2025-02-17 16:47:25,515 - INFO - Modern chrome version https://storage.googleapis.com/chrome-for-testing-public/133.0.6943.98/mac-x64/chromedriver-mac-x64.zip
2025-02-17 16:47:25,516 - INFO - About to download new driver from https://storage.googleapis.com/chrome-for-testing-public/133.0.6943.98/mac-x64/chromedriver-mac-x64.zip
2025-02-17 16:47:26,019 - INFO - Driver downloading response is 200
2025-02-17 16:47:28,896 - INFO - Get LATEST chromedriver version for google-chrome
2025-02-17 16:47:29,568 - INFO - Driver has been saved in cache [/Users/songbinbin/.wdm/drivers/chromedriver/mac64/133.0.6943.98]
2025-02-17 16:47:34,753 - INFO - 正在处理第 1 页
2025-02-17 16:47:55,439 - ERROR - 处理页面 1 时出错: Message: 
Stacktrace:
0   chromedriver                        0x000000010ba83d98 chromedriver + 5954968
1   chromedriver                        0x000000010ba7b9ca chromedriver + 5921226
2   chromedriver                        0x000000010b53b5e0 chromedriver + 415200
3   chromedriver                        0x000000010b58ce1d chromedriver + 749085
4   chromedriver                        0x000000010b58cfc1 chromedriver + 749505
5   chromedriver                        0x000000010b5dd104 chromedriver + 1077508
6   chromedriver                        0x000000010b5b303d chromedriver + 905277
7   chromedriver                        0x000000010b5da39e chromedriver + 1065886
8   chromedriver                        0x000000010b5b2de3 chromedriver + 904675
9   chromedriver                        0x000000010b57ec6a chromedriver + 691306
10  chromedriver                        0x000000010b57fdc1 chromedriver + 695745
11  chromedriver                        0x000000010ba46e50 chromedriver + 5705296
12  chromedriver                        0x000000010ba4ada0 chromedriver + 5721504
13  chromedriver                        0x000000010ba28797 chromedriver + 5580695
14  chromedriver                        0x000000010ba4b82b chromedriver + 5724203
15  chromedriver                        0x000000010ba16fc4 chromedriver + 5509060
16  chromedriver                        0x000000010ba6a088 chromedriver + 5849224
17  chromedriver                        0x000000010ba6a24f chromedriver + 5849679
18  chromedriver                        0x000000010ba7b5a8 chromedriver + 5920168
19  libsystem_pthread.dylib             0x00007ff808bbb1d3 _pthread_start + 125
20  libsystem_pthread.dylib             0x00007ff808bb6bd3 thread_start + 15

2025-02-17 16:47:55,445 - WARNING - 未找到文章信息
