2025-02-24 22:46:50,733 - INFO - 开始抓取: https://kekenet.com/course/118
2025-02-24 22:46:50,733 - INFO - ====== WebDriver manager ======
2025-02-24 22:46:51,214 - INFO - Get LATEST chromedriver version for google-chrome
2025-02-24 22:46:51,555 - INFO - Get LATEST chromedriver version for google-chrome
2025-02-24 22:46:51,814 - INFO - Driver [/Users/songbinbin/.wdm/drivers/chromedriver/mac64/133.0.6943.126/chromedriver-mac-x64/chromedriver] found in cache
2025-02-24 22:46:57,075 - INFO - 正在处理第 1 页
2025-02-24 22:46:58,216 - INFO - 开始提取文章详细信息: https://kekenet.com/lesson/118-253795
2025-02-24 22:46:58,217 - INFO - ====== WebDriver manager ======
2025-02-24 22:46:58,567 - INFO - Get LATEST chromedriver version for google-chrome
2025-02-24 22:46:58,995 - INFO - Get LATEST chromedriver version for google-chrome
2025-02-24 22:46:59,343 - INFO - Driver [/Users/songbinbin/.wdm/drivers/chromedriver/mac64/133.0.6943.126/chromedriver-mac-x64/chromedriver] found in cache
2025-02-24 22:47:03,161 - INFO - MP3文件已保存到: /Users/songbinbin/Downloads/reading_app/book/read_book/voa_tingclass/可可英语/英语入门/可可英语/英语入门/千万别学英语/mp3/118-253795.mp3
2025-02-24 22:47:03,172 - INFO - HTML内容已保存到: /Users/songbinbin/Downloads/reading_app/book/read_book/voa_tingclass/可可英语/英语入门/可可英语/英语入门/千万别学英语/html/118-253795.html
2025-02-24 22:47:03,386 - INFO - 第 1 页: 已处理 1/10 篇文章
2025-02-24 22:47:04,445 - INFO - 开始提取文章详细信息: https://kekenet.com/lesson/118-253793
2025-02-24 22:47:04,445 - INFO - ====== WebDriver manager ======
2025-02-24 22:47:04,714 - INFO - Get LATEST chromedriver version for google-chrome
2025-02-24 22:47:05,090 - INFO - Get LATEST chromedriver version for google-chrome
2025-02-24 22:47:05,366 - INFO - Driver [/Users/songbinbin/.wdm/drivers/chromedriver/mac64/133.0.6943.126/chromedriver-mac-x64/chromedriver] found in cache
2025-02-24 22:47:19,030 - INFO - MP3文件已保存到: /Users/songbinbin/Downloads/reading_app/book/read_book/voa_tingclass/可可英语/英语入门/可可英语/英语入门/千万别学英语/mp3/118-253793.mp3
2025-02-24 22:47:19,035 - INFO - HTML内容已保存到: /Users/songbinbin/Downloads/reading_app/book/read_book/voa_tingclass/可可英语/英语入门/可可英语/英语入门/千万别学英语/html/118-253793.html
2025-02-24 22:47:19,187 - INFO - 第 1 页: 已处理 2/10 篇文章
2025-02-24 22:47:20,259 - INFO - 开始提取文章详细信息: https://kekenet.com/lesson/118-253792
2025-02-24 22:47:20,260 - INFO - ====== WebDriver manager ======
2025-02-24 22:47:20,626 - INFO - Get LATEST chromedriver version for google-chrome
2025-02-24 22:47:20,973 - INFO - Get LATEST chromedriver version for google-chrome
2025-02-24 22:47:21,289 - INFO - Driver [/Users/songbinbin/.wdm/drivers/chromedriver/mac64/133.0.6943.126/chromedriver-mac-x64/chromedriver] found in cache
2025-02-24 22:47:32,916 - INFO - MP3文件已保存到: /Users/songbinbin/Downloads/reading_app/book/read_book/voa_tingclass/可可英语/英语入门/可可英语/英语入门/千万别学英语/mp3/118-253792.mp3
2025-02-24 22:47:32,920 - INFO - HTML内容已保存到: /Users/songbinbin/Downloads/reading_app/book/read_book/voa_tingclass/可可英语/英语入门/可可英语/英语入门/千万别学英语/html/118-253792.html
2025-02-24 22:47:33,078 - INFO - 第 1 页: 已处理 3/10 篇文章
2025-02-24 22:47:34,150 - INFO - 开始提取文章详细信息: https://kekenet.com/lesson/118-253791
2025-02-24 22:47:34,150 - INFO - ====== WebDriver manager ======
2025-02-24 22:47:34,439 - INFO - Get LATEST chromedriver version for google-chrome
2025-02-24 22:47:34,859 - INFO - Get LATEST chromedriver version for google-chrome
2025-02-24 22:47:35,462 - INFO - Driver [/Users/songbinbin/.wdm/drivers/chromedriver/mac64/133.0.6943.126/chromedriver-mac-x64/chromedriver] found in cache
2025-02-24 22:47:45,543 - INFO - MP3文件已保存到: /Users/songbinbin/Downloads/reading_app/book/read_book/voa_tingclass/可可英语/英语入门/可可英语/英语入门/千万别学英语/mp3/118-253791.mp3
2025-02-24 22:47:45,547 - INFO - HTML内容已保存到: /Users/songbinbin/Downloads/reading_app/book/read_book/voa_tingclass/可可英语/英语入门/可可英语/英语入门/千万别学英语/html/118-253791.html
2025-02-24 22:47:45,989 - INFO - 第 1 页: 已处理 4/10 篇文章
2025-02-24 22:47:47,063 - INFO - 开始提取文章详细信息: https://kekenet.com/lesson/118-253790
2025-02-24 22:47:47,063 - INFO - ====== WebDriver manager ======
2025-02-24 22:47:47,372 - INFO - Get LATEST chromedriver version for google-chrome
2025-02-24 22:47:47,714 - INFO - Get LATEST chromedriver version for google-chrome
2025-02-24 22:47:48,179 - INFO - Driver [/Users/songbinbin/.wdm/drivers/chromedriver/mac64/133.0.6943.126/chromedriver-mac-x64/chromedriver] found in cache
2025-02-24 22:47:56,405 - INFO - MP3文件已保存到: /Users/songbinbin/Downloads/reading_app/book/read_book/voa_tingclass/可可英语/英语入门/可可英语/英语入门/千万别学英语/mp3/118-253790.mp3
2025-02-24 22:47:56,409 - INFO - HTML内容已保存到: /Users/songbinbin/Downloads/reading_app/book/read_book/voa_tingclass/可可英语/英语入门/可可英语/英语入门/千万别学英语/html/118-253790.html
2025-02-24 22:47:56,594 - INFO - 第 1 页: 已处理 5/10 篇文章
2025-02-24 22:47:57,668 - INFO - 开始提取文章详细信息: https://kekenet.com/lesson/118-253789
2025-02-24 22:47:57,669 - INFO - ====== WebDriver manager ======
2025-02-24 22:47:57,983 - INFO - Get LATEST chromedriver version for google-chrome
2025-02-24 22:47:58,726 - INFO - Get LATEST chromedriver version for google-chrome
2025-02-24 22:47:59,232 - INFO - Driver [/Users/songbinbin/.wdm/drivers/chromedriver/mac64/133.0.6943.126/chromedriver-mac-x64/chromedriver] found in cache
2025-02-24 22:48:04,089 - INFO - MP3文件已保存到: /Users/songbinbin/Downloads/reading_app/book/read_book/voa_tingclass/可可英语/英语入门/可可英语/英语入门/千万别学英语/mp3/118-253789.mp3
2025-02-24 22:48:04,093 - INFO - HTML内容已保存到: /Users/songbinbin/Downloads/reading_app/book/read_book/voa_tingclass/可可英语/英语入门/可可英语/英语入门/千万别学英语/html/118-253789.html
2025-02-24 22:48:04,273 - INFO - 第 1 页: 已处理 6/10 篇文章
2025-02-24 22:48:05,343 - INFO - 开始提取文章详细信息: https://kekenet.com/lesson/118-253788
2025-02-24 22:48:05,343 - INFO - ====== WebDriver manager ======
2025-02-24 22:48:05,649 - INFO - Get LATEST chromedriver version for google-chrome
2025-02-24 22:48:06,122 - INFO - Get LATEST chromedriver version for google-chrome
2025-02-24 22:48:06,419 - INFO - Driver [/Users/songbinbin/.wdm/drivers/chromedriver/mac64/133.0.6943.126/chromedriver-mac-x64/chromedriver] found in cache
2025-02-24 22:48:18,601 - INFO - MP3文件已保存到: /Users/songbinbin/Downloads/reading_app/book/read_book/voa_tingclass/可可英语/英语入门/可可英语/英语入门/千万别学英语/mp3/118-253788.mp3
2025-02-24 22:48:18,606 - INFO - HTML内容已保存到: /Users/songbinbin/Downloads/reading_app/book/read_book/voa_tingclass/可可英语/英语入门/可可英语/英语入门/千万别学英语/html/118-253788.html
2025-02-24 22:48:18,784 - INFO - 第 1 页: 已处理 7/10 篇文章
2025-02-24 22:48:24,007 - INFO - 开始提取文章详细信息: https://kekenet.com/lesson/118-253787
2025-02-24 22:48:24,007 - INFO - ====== WebDriver manager ======
2025-02-24 22:48:24,345 - INFO - Get LATEST chromedriver version for google-chrome
2025-02-24 22:48:24,727 - INFO - Get LATEST chromedriver version for google-chrome
2025-02-24 22:48:25,175 - INFO - Driver [/Users/songbinbin/.wdm/drivers/chromedriver/mac64/133.0.6943.126/chromedriver-mac-x64/chromedriver] found in cache
2025-02-24 22:48:30,681 - INFO - MP3文件已保存到: /Users/songbinbin/Downloads/reading_app/book/read_book/voa_tingclass/可可英语/英语入门/可可英语/英语入门/千万别学英语/mp3/118-253787.mp3
2025-02-24 22:48:30,684 - INFO - HTML内容已保存到: /Users/songbinbin/Downloads/reading_app/book/read_book/voa_tingclass/可可英语/英语入门/可可英语/英语入门/千万别学英语/html/118-253787.html
2025-02-24 22:48:30,840 - INFO - 第 1 页: 已处理 8/10 篇文章
2025-02-24 22:48:31,902 - INFO - 开始提取文章详细信息: https://kekenet.com/lesson/118-253652
2025-02-24 22:48:31,903 - INFO - ====== WebDriver manager ======
2025-02-24 22:48:32,199 - INFO - Get LATEST chromedriver version for google-chrome
2025-02-24 22:48:32,508 - INFO - Get LATEST chromedriver version for google-chrome
2025-02-24 22:48:32,852 - INFO - Driver [/Users/songbinbin/.wdm/drivers/chromedriver/mac64/133.0.6943.126/chromedriver-mac-x64/chromedriver] found in cache
2025-02-24 22:48:42,901 - INFO - MP3文件已保存到: /Users/songbinbin/Downloads/reading_app/book/read_book/voa_tingclass/可可英语/英语入门/可可英语/英语入门/千万别学英语/mp3/118-253652.mp3
2025-02-24 22:48:42,904 - INFO - HTML内容已保存到: /Users/songbinbin/Downloads/reading_app/book/read_book/voa_tingclass/可可英语/英语入门/可可英语/英语入门/千万别学英语/html/118-253652.html
2025-02-24 22:48:43,068 - INFO - 第 1 页: 已处理 9/10 篇文章
2025-02-24 22:48:44,131 - INFO - 开始提取文章详细信息: https://kekenet.com/lesson/118-253650
2025-02-24 22:48:44,131 - INFO - ====== WebDriver manager ======
2025-02-24 22:48:44,500 - INFO - Get LATEST chromedriver version for google-chrome
2025-02-24 22:48:45,290 - INFO - Get LATEST chromedriver version for google-chrome
2025-02-24 22:48:45,781 - INFO - Driver [/Users/songbinbin/.wdm/drivers/chromedriver/mac64/133.0.6943.126/chromedriver-mac-x64/chromedriver] found in cache
2025-02-24 22:48:54,554 - INFO - MP3文件已保存到: /Users/songbinbin/Downloads/reading_app/book/read_book/voa_tingclass/可可英语/英语入门/可可英语/英语入门/千万别学英语/mp3/118-253650.mp3
2025-02-24 22:48:54,561 - INFO - HTML内容已保存到: /Users/songbinbin/Downloads/reading_app/book/read_book/voa_tingclass/可可英语/英语入门/可可英语/英语入门/千万别学英语/html/118-253650.html
2025-02-24 22:48:54,732 - INFO - 第 1 页: 已处理 10/10 篇文章
2025-02-24 22:48:56,786 - INFO - 正在处理第 2 页
2025-02-24 22:48:57,873 - INFO - 开始提取文章详细信息: https://kekenet.com/lesson/118-253648
2025-02-24 22:48:57,873 - INFO - ====== WebDriver manager ======
2025-02-24 22:48:58,201 - INFO - Get LATEST chromedriver version for google-chrome
2025-02-24 22:48:58,620 - INFO - Get LATEST chromedriver version for google-chrome
2025-02-24 22:48:58,944 - INFO - Driver [/Users/songbinbin/.wdm/drivers/chromedriver/mac64/133.0.6943.126/chromedriver-mac-x64/chromedriver] found in cache
2025-02-24 22:49:06,950 - INFO - MP3文件已保存到: /Users/songbinbin/Downloads/reading_app/book/read_book/voa_tingclass/可可英语/英语入门/可可英语/英语入门/千万别学英语/mp3/118-253648.mp3
2025-02-24 22:49:06,954 - INFO - HTML内容已保存到: /Users/songbinbin/Downloads/reading_app/book/read_book/voa_tingclass/可可英语/英语入门/可可英语/英语入门/千万别学英语/html/118-253648.html
2025-02-24 22:49:07,147 - INFO - 第 2 页: 已处理 1/10 篇文章
2025-02-24 22:49:08,239 - INFO - 开始提取文章详细信息: https://kekenet.com/lesson/118-253646
2025-02-24 22:49:08,239 - INFO - ====== WebDriver manager ======
2025-02-24 22:49:08,536 - INFO - Get LATEST chromedriver version for google-chrome
2025-02-24 22:49:09,327 - INFO - Get LATEST chromedriver version for google-chrome
2025-02-24 22:49:09,860 - INFO - Driver [/Users/songbinbin/.wdm/drivers/chromedriver/mac64/133.0.6943.126/chromedriver-mac-x64/chromedriver] found in cache
2025-02-24 22:49:13,579 - INFO - MP3文件已保存到: /Users/songbinbin/Downloads/reading_app/book/read_book/voa_tingclass/可可英语/英语入门/可可英语/英语入门/千万别学英语/mp3/118-253646.mp3
2025-02-24 22:49:13,583 - INFO - HTML内容已保存到: /Users/songbinbin/Downloads/reading_app/book/read_book/voa_tingclass/可可英语/英语入门/可可英语/英语入门/千万别学英语/html/118-253646.html
2025-02-24 22:49:13,744 - INFO - 第 2 页: 已处理 2/10 篇文章
2025-02-24 22:49:14,814 - INFO - 开始提取文章详细信息: https://kekenet.com/lesson/118-253638
2025-02-24 22:49:14,814 - INFO - ====== WebDriver manager ======
2025-02-24 22:49:15,106 - INFO - Get LATEST chromedriver version for google-chrome
2025-02-24 22:49:15,607 - INFO - Get LATEST chromedriver version for google-chrome
2025-02-24 22:49:15,978 - INFO - Driver [/Users/songbinbin/.wdm/drivers/chromedriver/mac64/133.0.6943.126/chromedriver-mac-x64/chromedriver] found in cache
2025-02-24 22:49:27,327 - INFO - MP3文件已保存到: /Users/songbinbin/Downloads/reading_app/book/read_book/voa_tingclass/可可英语/英语入门/可可英语/英语入门/千万别学英语/mp3/118-253638.mp3
2025-02-24 22:49:27,332 - INFO - HTML内容已保存到: /Users/songbinbin/Downloads/reading_app/book/read_book/voa_tingclass/可可英语/英语入门/可可英语/英语入门/千万别学英语/html/118-253638.html
2025-02-24 22:49:27,500 - INFO - 第 2 页: 已处理 3/10 篇文章
2025-02-24 22:49:28,579 - INFO - 开始提取文章详细信息: https://kekenet.com/lesson/118-253637
2025-02-24 22:49:28,580 - INFO - ====== WebDriver manager ======
2025-02-24 22:49:28,850 - INFO - Get LATEST chromedriver version for google-chrome
2025-02-24 22:49:29,190 - INFO - Get LATEST chromedriver version for google-chrome
2025-02-24 22:49:29,547 - INFO - Driver [/Users/songbinbin/.wdm/drivers/chromedriver/mac64/133.0.6943.126/chromedriver-mac-x64/chromedriver] found in cache
2025-02-24 22:49:37,987 - INFO - MP3文件已保存到: /Users/songbinbin/Downloads/reading_app/book/read_book/voa_tingclass/可可英语/英语入门/可可英语/英语入门/千万别学英语/mp3/118-253637.mp3
2025-02-24 22:49:37,991 - INFO - HTML内容已保存到: /Users/songbinbin/Downloads/reading_app/book/read_book/voa_tingclass/可可英语/英语入门/可可英语/英语入门/千万别学英语/html/118-253637.html
2025-02-24 22:49:38,157 - INFO - 第 2 页: 已处理 4/10 篇文章
2025-02-24 22:49:39,223 - INFO - 开始提取文章详细信息: https://kekenet.com/lesson/118-253636
2025-02-24 22:49:39,223 - INFO - ====== WebDriver manager ======
2025-02-24 22:49:39,489 - INFO - Get LATEST chromedriver version for google-chrome
2025-02-24 22:49:40,044 - INFO - Get LATEST chromedriver version for google-chrome
2025-02-24 22:49:40,516 - INFO - Driver [/Users/songbinbin/.wdm/drivers/chromedriver/mac64/133.0.6943.126/chromedriver-mac-x64/chromedriver] found in cache
2025-02-24 22:49:46,396 - INFO - MP3文件已保存到: /Users/songbinbin/Downloads/reading_app/book/read_book/voa_tingclass/可可英语/英语入门/可可英语/英语入门/千万别学英语/mp3/118-253636.mp3
2025-02-24 22:49:46,399 - INFO - HTML内容已保存到: /Users/songbinbin/Downloads/reading_app/book/read_book/voa_tingclass/可可英语/英语入门/可可英语/英语入门/千万别学英语/html/118-253636.html
2025-02-24 22:49:46,548 - INFO - 第 2 页: 已处理 5/10 篇文章
2025-02-24 22:49:47,605 - INFO - 开始提取文章详细信息: https://kekenet.com/lesson/118-253635
2025-02-24 22:49:47,605 - INFO - ====== WebDriver manager ======
2025-02-24 22:49:47,883 - INFO - Get LATEST chromedriver version for google-chrome
2025-02-24 22:49:49,110 - INFO - Get LATEST chromedriver version for google-chrome
2025-02-24 22:49:49,436 - INFO - Driver [/Users/songbinbin/.wdm/drivers/chromedriver/mac64/133.0.6943.126/chromedriver-mac-x64/chromedriver] found in cache
2025-02-24 22:49:57,234 - INFO - MP3文件已保存到: /Users/songbinbin/Downloads/reading_app/book/read_book/voa_tingclass/可可英语/英语入门/可可英语/英语入门/千万别学英语/mp3/118-253635.mp3
2025-02-24 22:49:57,238 - INFO - HTML内容已保存到: /Users/songbinbin/Downloads/reading_app/book/read_book/voa_tingclass/可可英语/英语入门/可可英语/英语入门/千万别学英语/html/118-253635.html
2025-02-24 22:49:57,417 - INFO - 第 2 页: 已处理 6/10 篇文章
2025-02-24 22:49:58,493 - INFO - 开始提取文章详细信息: https://kekenet.com/lesson/118-253633
2025-02-24 22:49:58,494 - INFO - ====== WebDriver manager ======
2025-02-24 22:49:58,761 - INFO - Get LATEST chromedriver version for google-chrome
2025-02-24 22:50:01,119 - INFO - Get LATEST chromedriver version for google-chrome
2025-02-24 22:50:03,851 - INFO - Driver [/Users/songbinbin/.wdm/drivers/chromedriver/mac64/133.0.6943.126/chromedriver-mac-x64/chromedriver] found in cache
2025-02-24 22:50:08,486 - INFO - MP3文件已保存到: /Users/songbinbin/Downloads/reading_app/book/read_book/voa_tingclass/可可英语/英语入门/可可英语/英语入门/千万别学英语/mp3/118-253633.mp3
2025-02-24 22:50:08,488 - INFO - HTML内容已保存到: /Users/songbinbin/Downloads/reading_app/book/read_book/voa_tingclass/可可英语/英语入门/可可英语/英语入门/千万别学英语/html/118-253633.html
2025-02-24 22:50:08,644 - INFO - 第 2 页: 已处理 7/10 篇文章
2025-02-24 22:50:09,710 - INFO - 开始提取文章详细信息: https://kekenet.com/lesson/118-253631
2025-02-24 22:50:09,710 - INFO - ====== WebDriver manager ======
2025-02-24 22:50:09,973 - INFO - Get LATEST chromedriver version for google-chrome
2025-02-24 22:50:10,277 - INFO - Get LATEST chromedriver version for google-chrome
2025-02-24 22:50:10,562 - INFO - Driver [/Users/songbinbin/.wdm/drivers/chromedriver/mac64/133.0.6943.126/chromedriver-mac-x64/chromedriver] found in cache
2025-02-24 22:50:20,091 - INFO - MP3文件已保存到: /Users/songbinbin/Downloads/reading_app/book/read_book/voa_tingclass/可可英语/英语入门/可可英语/英语入门/千万别学英语/mp3/118-253631.mp3
2025-02-24 22:50:20,095 - INFO - HTML内容已保存到: /Users/songbinbin/Downloads/reading_app/book/read_book/voa_tingclass/可可英语/英语入门/可可英语/英语入门/千万别学英语/html/118-253631.html
2025-02-24 22:50:20,247 - INFO - 第 2 页: 已处理 8/10 篇文章
2025-02-24 22:50:21,324 - INFO - 开始提取文章详细信息: https://kekenet.com/lesson/118-253630
2025-02-24 22:50:21,325 - INFO - ====== WebDriver manager ======
2025-02-24 22:50:21,586 - INFO - Get LATEST chromedriver version for google-chrome
2025-02-24 22:50:22,152 - INFO - Get LATEST chromedriver version for google-chrome
2025-02-24 22:50:22,410 - INFO - Driver [/Users/songbinbin/.wdm/drivers/chromedriver/mac64/133.0.6943.126/chromedriver-mac-x64/chromedriver] found in cache
2025-02-24 22:50:29,638 - INFO - MP3文件已保存到: /Users/songbinbin/Downloads/reading_app/book/read_book/voa_tingclass/可可英语/英语入门/可可英语/英语入门/千万别学英语/mp3/118-253630.mp3
2025-02-24 22:50:29,642 - INFO - HTML内容已保存到: /Users/songbinbin/Downloads/reading_app/book/read_book/voa_tingclass/可可英语/英语入门/可可英语/英语入门/千万别学英语/html/118-253630.html
2025-02-24 22:50:29,793 - INFO - 第 2 页: 已处理 9/10 篇文章
2025-02-24 22:50:30,847 - INFO - 开始提取文章详细信息: https://kekenet.com/lesson/118-253627
2025-02-24 22:50:30,847 - INFO - ====== WebDriver manager ======
2025-02-24 22:50:31,128 - INFO - Get LATEST chromedriver version for google-chrome
2025-02-24 22:50:31,570 - INFO - Get LATEST chromedriver version for google-chrome
2025-02-24 22:50:31,970 - INFO - Driver [/Users/songbinbin/.wdm/drivers/chromedriver/mac64/133.0.6943.126/chromedriver-mac-x64/chromedriver] found in cache
2025-02-24 22:50:41,564 - INFO - MP3文件已保存到: /Users/songbinbin/Downloads/reading_app/book/read_book/voa_tingclass/可可英语/英语入门/可可英语/英语入门/千万别学英语/mp3/118-253627.mp3
2025-02-24 22:50:41,569 - INFO - HTML内容已保存到: /Users/songbinbin/Downloads/reading_app/book/read_book/voa_tingclass/可可英语/英语入门/可可英语/英语入门/千万别学英语/html/118-253627.html
2025-02-24 22:50:41,736 - INFO - 第 2 页: 已处理 10/10 篇文章
2025-02-24 22:50:43,780 - INFO - 正在处理第 3 页
2025-02-24 22:50:44,862 - INFO - 开始提取文章详细信息: https://kekenet.com/lesson/118-253625
2025-02-24 22:50:44,863 - INFO - ====== WebDriver manager ======
2025-02-24 22:50:45,110 - INFO - Get LATEST chromedriver version for google-chrome
2025-02-24 22:50:45,442 - INFO - Get LATEST chromedriver version for google-chrome
2025-02-24 22:50:45,878 - INFO - Driver [/Users/songbinbin/.wdm/drivers/chromedriver/mac64/133.0.6943.126/chromedriver-mac-x64/chromedriver] found in cache
2025-02-24 22:50:51,658 - INFO - MP3文件已保存到: /Users/songbinbin/Downloads/reading_app/book/read_book/voa_tingclass/可可英语/英语入门/可可英语/英语入门/千万别学英语/mp3/118-253625.mp3
2025-02-24 22:50:51,661 - INFO - HTML内容已保存到: /Users/songbinbin/Downloads/reading_app/book/read_book/voa_tingclass/可可英语/英语入门/可可英语/英语入门/千万别学英语/html/118-253625.html
2025-02-24 22:50:51,829 - INFO - 第 3 页: 已处理 1/10 篇文章
2025-02-24 22:50:52,895 - INFO - 开始提取文章详细信息: https://kekenet.com/lesson/118-253621
2025-02-24 22:50:52,895 - INFO - ====== WebDriver manager ======
2025-02-24 22:50:53,184 - INFO - Get LATEST chromedriver version for google-chrome
2025-02-24 22:50:53,628 - INFO - Get LATEST chromedriver version for google-chrome
2025-02-24 22:50:53,935 - INFO - Driver [/Users/songbinbin/.wdm/drivers/chromedriver/mac64/133.0.6943.126/chromedriver-mac-x64/chromedriver] found in cache
2025-02-24 22:50:58,453 - INFO - MP3文件已保存到: /Users/songbinbin/Downloads/reading_app/book/read_book/voa_tingclass/可可英语/英语入门/可可英语/英语入门/千万别学英语/mp3/118-253621.mp3
2025-02-24 22:50:58,457 - INFO - HTML内容已保存到: /Users/songbinbin/Downloads/reading_app/book/read_book/voa_tingclass/可可英语/英语入门/可可英语/英语入门/千万别学英语/html/118-253621.html
2025-02-24 22:50:58,608 - INFO - 第 3 页: 已处理 2/10 篇文章
2025-02-24 22:50:59,673 - INFO - 开始提取文章详细信息: https://kekenet.com/lesson/118-253616
2025-02-24 22:50:59,673 - INFO - ====== WebDriver manager ======
2025-02-24 22:50:59,950 - INFO - Get LATEST chromedriver version for google-chrome
2025-02-24 22:51:00,233 - INFO - Get LATEST chromedriver version for google-chrome
2025-02-24 22:51:00,547 - INFO - Driver [/Users/songbinbin/.wdm/drivers/chromedriver/mac64/133.0.6943.126/chromedriver-mac-x64/chromedriver] found in cache
2025-02-24 22:51:11,407 - INFO - MP3文件已保存到: /Users/songbinbin/Downloads/reading_app/book/read_book/voa_tingclass/可可英语/英语入门/可可英语/英语入门/千万别学英语/mp3/118-253616.mp3
2025-02-24 22:51:11,410 - INFO - HTML内容已保存到: /Users/songbinbin/Downloads/reading_app/book/read_book/voa_tingclass/可可英语/英语入门/可可英语/英语入门/千万别学英语/html/118-253616.html
2025-02-24 22:51:11,570 - INFO - 第 3 页: 已处理 3/10 篇文章
2025-02-24 22:51:12,629 - INFO - 开始提取文章详细信息: https://kekenet.com/lesson/118-253615
2025-02-24 22:51:12,629 - INFO - ====== WebDriver manager ======
2025-02-24 22:51:12,898 - INFO - Get LATEST chromedriver version for google-chrome
2025-02-24 22:51:13,194 - INFO - Get LATEST chromedriver version for google-chrome
2025-02-24 22:51:13,452 - INFO - Driver [/Users/songbinbin/.wdm/drivers/chromedriver/mac64/133.0.6943.126/chromedriver-mac-x64/chromedriver] found in cache
2025-02-24 22:51:35,640 - INFO - MP3文件已保存到: /Users/songbinbin/Downloads/reading_app/book/read_book/voa_tingclass/可可英语/英语入门/可可英语/英语入门/千万别学英语/mp3/118-253615.mp3
2025-02-24 22:51:35,646 - INFO - HTML内容已保存到: /Users/songbinbin/Downloads/reading_app/book/read_book/voa_tingclass/可可英语/英语入门/可可英语/英语入门/千万别学英语/html/118-253615.html
2025-02-24 22:51:35,817 - INFO - 第 3 页: 已处理 4/10 篇文章
2025-02-24 22:51:36,888 - INFO - 开始提取文章详细信息: https://kekenet.com/lesson/118-253567
2025-02-24 22:51:36,889 - INFO - ====== WebDriver manager ======
2025-02-24 22:51:37,160 - INFO - Get LATEST chromedriver version for google-chrome
2025-02-24 22:51:37,424 - INFO - Get LATEST chromedriver version for google-chrome
2025-02-24 22:51:37,686 - INFO - Driver [/Users/songbinbin/.wdm/drivers/chromedriver/mac64/133.0.6943.126/chromedriver-mac-x64/chromedriver] found in cache
2025-02-24 22:51:48,347 - INFO - MP3文件已保存到: /Users/songbinbin/Downloads/reading_app/book/read_book/voa_tingclass/可可英语/英语入门/可可英语/英语入门/千万别学英语/mp3/118-253567.mp3
2025-02-24 22:51:48,350 - INFO - HTML内容已保存到: /Users/songbinbin/Downloads/reading_app/book/read_book/voa_tingclass/可可英语/英语入门/可可英语/英语入门/千万别学英语/html/118-253567.html
2025-02-24 22:51:48,506 - INFO - 第 3 页: 已处理 5/10 篇文章
2025-02-24 22:51:49,570 - INFO - 开始提取文章详细信息: https://kekenet.com/lesson/118-253565
2025-02-24 22:51:49,570 - INFO - ====== WebDriver manager ======
2025-02-24 22:51:49,859 - INFO - Get LATEST chromedriver version for google-chrome
2025-02-24 22:51:50,184 - INFO - Get LATEST chromedriver version for google-chrome
2025-02-24 22:51:50,634 - INFO - Driver [/Users/songbinbin/.wdm/drivers/chromedriver/mac64/133.0.6943.126/chromedriver-mac-x64/chromedriver] found in cache
2025-02-24 22:52:00,725 - INFO - MP3文件已保存到: /Users/songbinbin/Downloads/reading_app/book/read_book/voa_tingclass/可可英语/英语入门/可可英语/英语入门/千万别学英语/mp3/118-253565.mp3
2025-02-24 22:52:00,731 - INFO - HTML内容已保存到: /Users/songbinbin/Downloads/reading_app/book/read_book/voa_tingclass/可可英语/英语入门/可可英语/英语入门/千万别学英语/html/118-253565.html
2025-02-24 22:52:00,881 - INFO - 第 3 页: 已处理 6/10 篇文章
2025-02-24 22:52:01,958 - INFO - 开始提取文章详细信息: https://kekenet.com/lesson/118-253564
2025-02-24 22:52:01,958 - INFO - ====== WebDriver manager ======
2025-02-24 22:52:02,222 - INFO - Get LATEST chromedriver version for google-chrome
2025-02-24 22:52:02,507 - INFO - Get LATEST chromedriver version for google-chrome
2025-02-24 22:52:02,824 - INFO - Driver [/Users/songbinbin/.wdm/drivers/chromedriver/mac64/133.0.6943.126/chromedriver-mac-x64/chromedriver] found in cache
2025-02-24 22:52:16,068 - INFO - MP3文件已保存到: /Users/songbinbin/Downloads/reading_app/book/read_book/voa_tingclass/可可英语/英语入门/可可英语/英语入门/千万别学英语/mp3/118-253564.mp3
2025-02-24 22:52:16,073 - INFO - HTML内容已保存到: /Users/songbinbin/Downloads/reading_app/book/read_book/voa_tingclass/可可英语/英语入门/可可英语/英语入门/千万别学英语/html/118-253564.html
2025-02-24 22:52:16,285 - INFO - 第 3 页: 已处理 7/10 篇文章
2025-02-24 22:52:17,349 - INFO - 开始提取文章详细信息: https://kekenet.com/lesson/118-253563
2025-02-24 22:52:17,349 - INFO - ====== WebDriver manager ======
2025-02-24 22:52:17,621 - INFO - Get LATEST chromedriver version for google-chrome
2025-02-24 22:52:18,071 - INFO - Get LATEST chromedriver version for google-chrome
2025-02-24 22:52:18,412 - INFO - Driver [/Users/songbinbin/.wdm/drivers/chromedriver/mac64/133.0.6943.126/chromedriver-mac-x64/chromedriver] found in cache
2025-02-24 22:52:39,985 - INFO - MP3文件已保存到: /Users/songbinbin/Downloads/reading_app/book/read_book/voa_tingclass/可可英语/英语入门/可可英语/英语入门/千万别学英语/mp3/118-253563.mp3
2025-02-24 22:52:39,992 - INFO - HTML内容已保存到: /Users/songbinbin/Downloads/reading_app/book/read_book/voa_tingclass/可可英语/英语入门/可可英语/英语入门/千万别学英语/html/118-253563.html
2025-02-24 22:52:40,174 - INFO - 第 3 页: 已处理 8/10 篇文章
2025-02-24 22:52:41,240 - INFO - 开始提取文章详细信息: https://kekenet.com/lesson/118-253561
2025-02-24 22:52:41,240 - INFO - ====== WebDriver manager ======
2025-02-24 22:52:41,519 - INFO - Get LATEST chromedriver version for google-chrome
2025-02-24 22:52:41,882 - INFO - Get LATEST chromedriver version for google-chrome
2025-02-24 22:52:42,209 - INFO - Driver [/Users/songbinbin/.wdm/drivers/chromedriver/mac64/133.0.6943.126/chromedriver-mac-x64/chromedriver] found in cache
2025-02-24 22:52:53,977 - INFO - MP3文件已保存到: /Users/songbinbin/Downloads/reading_app/book/read_book/voa_tingclass/可可英语/英语入门/可可英语/英语入门/千万别学英语/mp3/118-253561.mp3
2025-02-24 22:52:53,980 - INFO - HTML内容已保存到: /Users/songbinbin/Downloads/reading_app/book/read_book/voa_tingclass/可可英语/英语入门/可可英语/英语入门/千万别学英语/html/118-253561.html
2025-02-24 22:52:54,143 - INFO - 第 3 页: 已处理 9/10 篇文章
2025-02-24 22:52:55,220 - INFO - 开始提取文章详细信息: https://kekenet.com/lesson/118-253559
2025-02-24 22:52:55,220 - INFO - ====== WebDriver manager ======
2025-02-24 22:52:55,485 - INFO - Get LATEST chromedriver version for google-chrome
2025-02-24 22:52:56,051 - INFO - Get LATEST chromedriver version for google-chrome
2025-02-24 22:52:57,345 - INFO - Driver [/Users/songbinbin/.wdm/drivers/chromedriver/mac64/133.0.6943.126/chromedriver-mac-x64/chromedriver] found in cache
2025-02-24 22:53:05,553 - INFO - MP3文件已保存到: /Users/songbinbin/Downloads/reading_app/book/read_book/voa_tingclass/可可英语/英语入门/可可英语/英语入门/千万别学英语/mp3/118-253559.mp3
2025-02-24 22:53:05,557 - INFO - HTML内容已保存到: /Users/songbinbin/Downloads/reading_app/book/read_book/voa_tingclass/可可英语/英语入门/可可英语/英语入门/千万别学英语/html/118-253559.html
2025-02-24 22:53:05,713 - INFO - 第 3 页: 已处理 10/10 篇文章
2025-02-24 22:53:07,747 - INFO - 正在处理第 4 页
2025-02-24 22:53:08,832 - INFO - 开始提取文章详细信息: https://kekenet.com/lesson/118-253557
2025-02-24 22:53:08,832 - INFO - ====== WebDriver manager ======
2025-02-24 22:53:09,096 - INFO - Get LATEST chromedriver version for google-chrome
2025-02-24 22:53:09,618 - INFO - Get LATEST chromedriver version for google-chrome
2025-02-24 22:53:09,934 - INFO - Driver [/Users/songbinbin/.wdm/drivers/chromedriver/mac64/133.0.6943.126/chromedriver-mac-x64/chromedriver] found in cache
2025-02-24 22:53:17,384 - INFO - MP3文件已保存到: /Users/songbinbin/Downloads/reading_app/book/read_book/voa_tingclass/可可英语/英语入门/可可英语/英语入门/千万别学英语/mp3/118-253557.mp3
2025-02-24 22:53:17,388 - INFO - HTML内容已保存到: /Users/songbinbin/Downloads/reading_app/book/read_book/voa_tingclass/可可英语/英语入门/可可英语/英语入门/千万别学英语/html/118-253557.html
2025-02-24 22:53:17,549 - INFO - 第 4 页: 已处理 1/10 篇文章
2025-02-24 22:53:18,605 - INFO - 开始提取文章详细信息: https://kekenet.com/lesson/118-253556
2025-02-24 22:53:18,605 - INFO - ====== WebDriver manager ======
2025-02-24 22:53:18,891 - INFO - Get LATEST chromedriver version for google-chrome
2025-02-24 22:53:19,324 - INFO - Get LATEST chromedriver version for google-chrome
2025-02-24 22:53:19,676 - INFO - Driver [/Users/songbinbin/.wdm/drivers/chromedriver/mac64/133.0.6943.126/chromedriver-mac-x64/chromedriver] found in cache
2025-02-24 22:53:26,556 - INFO - MP3文件已保存到: /Users/songbinbin/Downloads/reading_app/book/read_book/voa_tingclass/可可英语/英语入门/可可英语/英语入门/千万别学英语/mp3/118-253556.mp3
2025-02-24 22:53:26,559 - INFO - HTML内容已保存到: /Users/songbinbin/Downloads/reading_app/book/read_book/voa_tingclass/可可英语/英语入门/可可英语/英语入门/千万别学英语/html/118-253556.html
2025-02-24 22:53:26,717 - INFO - 第 4 页: 已处理 2/10 篇文章
2025-02-24 22:53:27,777 - INFO - 开始提取文章详细信息: https://kekenet.com/lesson/118-253555
2025-02-24 22:53:27,777 - INFO - ====== WebDriver manager ======
2025-02-24 22:53:28,044 - INFO - Get LATEST chromedriver version for google-chrome
2025-02-24 22:53:28,485 - INFO - Get LATEST chromedriver version for google-chrome
2025-02-24 22:53:29,894 - INFO - Driver [/Users/songbinbin/.wdm/drivers/chromedriver/mac64/133.0.6943.126/chromedriver-mac-x64/chromedriver] found in cache
2025-02-24 22:53:37,680 - INFO - MP3文件已保存到: /Users/songbinbin/Downloads/reading_app/book/read_book/voa_tingclass/可可英语/英语入门/可可英语/英语入门/千万别学英语/mp3/118-253555.mp3
2025-02-24 22:53:37,685 - INFO - HTML内容已保存到: /Users/songbinbin/Downloads/reading_app/book/read_book/voa_tingclass/可可英语/英语入门/可可英语/英语入门/千万别学英语/html/118-253555.html
2025-02-24 22:53:37,848 - INFO - 第 4 页: 已处理 3/10 篇文章
2025-02-24 22:53:38,915 - INFO - 开始提取文章详细信息: https://kekenet.com/lesson/118-253553
2025-02-24 22:53:38,915 - INFO - ====== WebDriver manager ======
2025-02-24 22:53:39,202 - INFO - Get LATEST chromedriver version for google-chrome
2025-02-24 22:53:39,545 - INFO - Get LATEST chromedriver version for google-chrome
2025-02-24 22:53:41,465 - INFO - Driver [/Users/songbinbin/.wdm/drivers/chromedriver/mac64/133.0.6943.126/chromedriver-mac-x64/chromedriver] found in cache
2025-02-24 22:53:55,527 - INFO - MP3文件已保存到: /Users/songbinbin/Downloads/reading_app/book/read_book/voa_tingclass/可可英语/英语入门/可可英语/英语入门/千万别学英语/mp3/118-253553.mp3
2025-02-24 22:53:55,531 - INFO - HTML内容已保存到: /Users/songbinbin/Downloads/reading_app/book/read_book/voa_tingclass/可可英语/英语入门/可可英语/英语入门/千万别学英语/html/118-253553.html
2025-02-24 22:53:55,685 - INFO - 第 4 页: 已处理 4/10 篇文章
2025-02-24 22:53:56,743 - INFO - 开始提取文章详细信息: https://kekenet.com/lesson/118-253552
2025-02-24 22:53:56,743 - INFO - ====== WebDriver manager ======
2025-02-24 22:53:57,036 - INFO - Get LATEST chromedriver version for google-chrome
2025-02-24 22:53:57,353 - INFO - Get LATEST chromedriver version for google-chrome
2025-02-24 22:53:57,752 - INFO - Driver [/Users/songbinbin/.wdm/drivers/chromedriver/mac64/133.0.6943.126/chromedriver-mac-x64/chromedriver] found in cache
2025-02-24 22:54:17,089 - INFO - MP3文件已保存到: /Users/songbinbin/Downloads/reading_app/book/read_book/voa_tingclass/可可英语/英语入门/可可英语/英语入门/千万别学英语/mp3/118-253552.mp3
2025-02-24 22:54:17,094 - INFO - HTML内容已保存到: /Users/songbinbin/Downloads/reading_app/book/read_book/voa_tingclass/可可英语/英语入门/可可英语/英语入门/千万别学英语/html/118-253552.html
2025-02-24 22:54:17,269 - INFO - 第 4 页: 已处理 5/10 篇文章
2025-02-24 22:54:18,341 - INFO - 开始提取文章详细信息: https://kekenet.com/lesson/118-253550
2025-02-24 22:54:18,341 - INFO - ====== WebDriver manager ======
2025-02-24 22:54:18,611 - INFO - Get LATEST chromedriver version for google-chrome
2025-02-24 22:54:19,056 - INFO - Get LATEST chromedriver version for google-chrome
2025-02-24 22:54:19,987 - INFO - Driver [/Users/songbinbin/.wdm/drivers/chromedriver/mac64/133.0.6943.126/chromedriver-mac-x64/chromedriver] found in cache
2025-02-24 22:54:28,618 - INFO - MP3文件已保存到: /Users/songbinbin/Downloads/reading_app/book/read_book/voa_tingclass/可可英语/英语入门/可可英语/英语入门/千万别学英语/mp3/118-253550.mp3
2025-02-24 22:54:28,621 - INFO - HTML内容已保存到: /Users/songbinbin/Downloads/reading_app/book/read_book/voa_tingclass/可可英语/英语入门/可可英语/英语入门/千万别学英语/html/118-253550.html
2025-02-24 22:54:28,795 - INFO - 第 4 页: 已处理 6/10 篇文章
2025-02-24 22:54:29,864 - INFO - 开始提取文章详细信息: https://kekenet.com/lesson/118-253548
2025-02-24 22:54:29,865 - INFO - ====== WebDriver manager ======
2025-02-24 22:54:30,160 - INFO - Get LATEST chromedriver version for google-chrome
2025-02-24 22:54:30,456 - INFO - Get LATEST chromedriver version for google-chrome
2025-02-24 22:54:31,041 - INFO - Driver [/Users/songbinbin/.wdm/drivers/chromedriver/mac64/133.0.6943.126/chromedriver-mac-x64/chromedriver] found in cache
2025-02-24 22:54:39,526 - INFO - MP3文件已保存到: /Users/songbinbin/Downloads/reading_app/book/read_book/voa_tingclass/可可英语/英语入门/可可英语/英语入门/千万别学英语/mp3/118-253548.mp3
2025-02-24 22:54:39,531 - INFO - HTML内容已保存到: /Users/songbinbin/Downloads/reading_app/book/read_book/voa_tingclass/可可英语/英语入门/可可英语/英语入门/千万别学英语/html/118-253548.html
2025-02-24 22:54:39,700 - INFO - 第 4 页: 已处理 7/10 篇文章
2025-02-24 22:54:40,776 - INFO - 开始提取文章详细信息: https://kekenet.com/lesson/118-253546
2025-02-24 22:54:40,776 - INFO - ====== WebDriver manager ======
2025-02-24 22:54:41,052 - INFO - Get LATEST chromedriver version for google-chrome
2025-02-24 22:54:41,397 - INFO - Get LATEST chromedriver version for google-chrome
2025-02-24 22:54:41,821 - INFO - Driver [/Users/songbinbin/.wdm/drivers/chromedriver/mac64/133.0.6943.126/chromedriver-mac-x64/chromedriver] found in cache
2025-02-24 22:54:50,082 - INFO - MP3文件已保存到: /Users/songbinbin/Downloads/reading_app/book/read_book/voa_tingclass/可可英语/英语入门/可可英语/英语入门/千万别学英语/mp3/118-253546.mp3
2025-02-24 22:54:50,085 - INFO - HTML内容已保存到: /Users/songbinbin/Downloads/reading_app/book/read_book/voa_tingclass/可可英语/英语入门/可可英语/英语入门/千万别学英语/html/118-253546.html
2025-02-24 22:54:50,257 - INFO - 第 4 页: 已处理 8/10 篇文章
2025-02-24 22:54:51,316 - INFO - 开始提取文章详细信息: https://kekenet.com/lesson/118-253544
2025-02-24 22:54:51,317 - INFO - ====== WebDriver manager ======
2025-02-24 22:54:51,594 - INFO - Get LATEST chromedriver version for google-chrome
2025-02-24 22:54:51,877 - INFO - Get LATEST chromedriver version for google-chrome
2025-02-24 22:54:52,376 - INFO - Driver [/Users/songbinbin/.wdm/drivers/chromedriver/mac64/133.0.6943.126/chromedriver-mac-x64/chromedriver] found in cache
2025-02-24 22:55:01,415 - INFO - MP3文件已保存到: /Users/songbinbin/Downloads/reading_app/book/read_book/voa_tingclass/可可英语/英语入门/可可英语/英语入门/千万别学英语/mp3/118-253544.mp3
2025-02-24 22:55:01,419 - INFO - HTML内容已保存到: /Users/songbinbin/Downloads/reading_app/book/read_book/voa_tingclass/可可英语/英语入门/可可英语/英语入门/千万别学英语/html/118-253544.html
2025-02-24 22:55:01,580 - INFO - 第 4 页: 已处理 9/10 篇文章
2025-02-24 22:55:02,639 - INFO - 开始提取文章详细信息: https://kekenet.com/lesson/118-253543
2025-02-24 22:55:02,640 - INFO - ====== WebDriver manager ======
2025-02-24 22:55:02,923 - INFO - Get LATEST chromedriver version for google-chrome
2025-02-24 22:55:03,552 - INFO - Get LATEST chromedriver version for google-chrome
2025-02-24 22:55:04,277 - INFO - Driver [/Users/songbinbin/.wdm/drivers/chromedriver/mac64/133.0.6943.126/chromedriver-mac-x64/chromedriver] found in cache
2025-02-24 22:55:11,732 - INFO - MP3文件已保存到: /Users/songbinbin/Downloads/reading_app/book/read_book/voa_tingclass/可可英语/英语入门/可可英语/英语入门/千万别学英语/mp3/118-253543.mp3
2025-02-24 22:55:11,735 - INFO - HTML内容已保存到: /Users/songbinbin/Downloads/reading_app/book/read_book/voa_tingclass/可可英语/英语入门/可可英语/英语入门/千万别学英语/html/118-253543.html
2025-02-24 22:55:11,896 - INFO - 第 4 页: 已处理 10/10 篇文章
2025-02-24 22:55:13,942 - INFO - 正在处理第 5 页
2025-02-24 22:55:15,028 - INFO - 开始提取文章详细信息: https://kekenet.com/lesson/118-253542
2025-02-24 22:55:15,028 - INFO - ====== WebDriver manager ======
2025-02-24 22:55:15,318 - INFO - Get LATEST chromedriver version for google-chrome
2025-02-24 22:55:15,770 - INFO - Get LATEST chromedriver version for google-chrome
2025-02-24 22:55:16,286 - INFO - Driver [/Users/songbinbin/.wdm/drivers/chromedriver/mac64/133.0.6943.126/chromedriver-mac-x64/chromedriver] found in cache
2025-02-24 22:55:26,078 - INFO - MP3文件已保存到: /Users/songbinbin/Downloads/reading_app/book/read_book/voa_tingclass/可可英语/英语入门/可可英语/英语入门/千万别学英语/mp3/118-253542.mp3
2025-02-24 22:55:26,082 - INFO - HTML内容已保存到: /Users/songbinbin/Downloads/reading_app/book/read_book/voa_tingclass/可可英语/英语入门/可可英语/英语入门/千万别学英语/html/118-253542.html
2025-02-24 22:55:26,240 - INFO - 第 5 页: 已处理 1/10 篇文章
2025-02-24 22:55:27,306 - INFO - 开始提取文章详细信息: https://kekenet.com/lesson/118-253541
2025-02-24 22:55:27,307 - INFO - ====== WebDriver manager ======
2025-02-24 22:55:27,603 - INFO - Get LATEST chromedriver version for google-chrome
2025-02-24 22:55:27,955 - INFO - Get LATEST chromedriver version for google-chrome
2025-02-24 22:55:28,264 - INFO - Driver [/Users/songbinbin/.wdm/drivers/chromedriver/mac64/133.0.6943.126/chromedriver-mac-x64/chromedriver] found in cache
2025-02-24 22:55:37,978 - INFO - MP3文件已保存到: /Users/songbinbin/Downloads/reading_app/book/read_book/voa_tingclass/可可英语/英语入门/可可英语/英语入门/千万别学英语/mp3/118-253541.mp3
2025-02-24 22:55:37,982 - INFO - HTML内容已保存到: /Users/songbinbin/Downloads/reading_app/book/read_book/voa_tingclass/可可英语/英语入门/可可英语/英语入门/千万别学英语/html/118-253541.html
2025-02-24 22:55:38,154 - INFO - 第 5 页: 已处理 2/10 篇文章
2025-02-24 22:55:39,224 - INFO - 开始提取文章详细信息: https://kekenet.com/lesson/118-253539
2025-02-24 22:55:39,224 - INFO - ====== WebDriver manager ======
2025-02-24 22:55:39,506 - INFO - Get LATEST chromedriver version for google-chrome
2025-02-24 22:55:39,942 - INFO - Get LATEST chromedriver version for google-chrome
2025-02-24 22:55:40,278 - INFO - Driver [/Users/songbinbin/.wdm/drivers/chromedriver/mac64/133.0.6943.126/chromedriver-mac-x64/chromedriver] found in cache
2025-02-24 22:55:48,120 - INFO - MP3文件已保存到: /Users/songbinbin/Downloads/reading_app/book/read_book/voa_tingclass/可可英语/英语入门/可可英语/英语入门/千万别学英语/mp3/118-253539.mp3
2025-02-24 22:55:48,124 - INFO - HTML内容已保存到: /Users/songbinbin/Downloads/reading_app/book/read_book/voa_tingclass/可可英语/英语入门/可可英语/英语入门/千万别学英语/html/118-253539.html
2025-02-24 22:55:48,290 - INFO - 第 5 页: 已处理 3/10 篇文章
2025-02-24 22:55:49,357 - INFO - 开始提取文章详细信息: https://kekenet.com/lesson/118-253534
2025-02-24 22:55:49,357 - INFO - ====== WebDriver manager ======
2025-02-24 22:55:49,653 - INFO - Get LATEST chromedriver version for google-chrome
2025-02-24 22:55:50,591 - INFO - Get LATEST chromedriver version for google-chrome
2025-02-24 22:55:50,897 - INFO - Driver [/Users/songbinbin/.wdm/drivers/chromedriver/mac64/133.0.6943.126/chromedriver-mac-x64/chromedriver] found in cache
2025-02-24 22:56:03,105 - INFO - MP3文件已保存到: /Users/songbinbin/Downloads/reading_app/book/read_book/voa_tingclass/可可英语/英语入门/可可英语/英语入门/千万别学英语/mp3/118-253534.mp3
2025-02-24 22:56:03,108 - INFO - HTML内容已保存到: /Users/songbinbin/Downloads/reading_app/book/read_book/voa_tingclass/可可英语/英语入门/可可英语/英语入门/千万别学英语/html/118-253534.html
2025-02-24 22:56:03,286 - INFO - 第 5 页: 已处理 4/10 篇文章
2025-02-24 22:56:04,358 - INFO - 开始提取文章详细信息: https://kekenet.com/lesson/118-253531
2025-02-24 22:56:04,358 - INFO - ====== WebDriver manager ======
2025-02-24 22:56:04,635 - INFO - Get LATEST chromedriver version for google-chrome
2025-02-24 22:56:05,149 - INFO - Get LATEST chromedriver version for google-chrome
2025-02-24 22:56:05,420 - INFO - Driver [/Users/songbinbin/.wdm/drivers/chromedriver/mac64/133.0.6943.126/chromedriver-mac-x64/chromedriver] found in cache
2025-02-24 22:56:08,861 - INFO - MP3文件已保存到: /Users/songbinbin/Downloads/reading_app/book/read_book/voa_tingclass/可可英语/英语入门/可可英语/英语入门/千万别学英语/mp3/118-253531.mp3
2025-02-24 22:56:08,866 - INFO - HTML内容已保存到: /Users/songbinbin/Downloads/reading_app/book/read_book/voa_tingclass/可可英语/英语入门/可可英语/英语入门/千万别学英语/html/118-253531.html
2025-02-24 22:56:09,026 - INFO - 第 5 页: 已处理 5/10 篇文章
2025-02-24 22:56:10,096 - INFO - 开始提取文章详细信息: https://kekenet.com/lesson/118-253530
2025-02-24 22:56:10,096 - INFO - ====== WebDriver manager ======
2025-02-24 22:56:10,380 - INFO - Get LATEST chromedriver version for google-chrome
2025-02-24 22:56:10,651 - INFO - Get LATEST chromedriver version for google-chrome
2025-02-24 22:56:10,945 - INFO - Driver [/Users/songbinbin/.wdm/drivers/chromedriver/mac64/133.0.6943.126/chromedriver-mac-x64/chromedriver] found in cache
2025-02-24 22:56:17,955 - INFO - MP3文件已保存到: /Users/songbinbin/Downloads/reading_app/book/read_book/voa_tingclass/可可英语/英语入门/可可英语/英语入门/千万别学英语/mp3/118-253530.mp3
2025-02-24 22:56:17,962 - INFO - HTML内容已保存到: /Users/songbinbin/Downloads/reading_app/book/read_book/voa_tingclass/可可英语/英语入门/可可英语/英语入门/千万别学英语/html/118-253530.html
2025-02-24 22:56:18,149 - INFO - 第 5 页: 已处理 6/10 篇文章
2025-02-24 22:56:19,209 - INFO - 开始提取文章详细信息: https://kekenet.com/lesson/118-253529
2025-02-24 22:56:19,209 - INFO - ====== WebDriver manager ======
2025-02-24 22:56:19,483 - INFO - Get LATEST chromedriver version for google-chrome
2025-02-24 22:56:19,754 - INFO - Get LATEST chromedriver version for google-chrome
2025-02-24 22:56:20,122 - INFO - Driver [/Users/songbinbin/.wdm/drivers/chromedriver/mac64/133.0.6943.126/chromedriver-mac-x64/chromedriver] found in cache
2025-02-24 22:56:24,804 - INFO - MP3文件已保存到: /Users/songbinbin/Downloads/reading_app/book/read_book/voa_tingclass/可可英语/英语入门/可可英语/英语入门/千万别学英语/mp3/118-253529.mp3
2025-02-24 22:56:24,807 - INFO - HTML内容已保存到: /Users/songbinbin/Downloads/reading_app/book/read_book/voa_tingclass/可可英语/英语入门/可可英语/英语入门/千万别学英语/html/118-253529.html
2025-02-24 22:56:24,965 - INFO - 第 5 页: 已处理 7/10 篇文章
2025-02-24 22:56:26,017 - INFO - 开始提取文章详细信息: https://kekenet.com/lesson/118-253448
2025-02-24 22:56:26,017 - INFO - ====== WebDriver manager ======
2025-02-24 22:56:26,299 - INFO - Get LATEST chromedriver version for google-chrome
2025-02-24 22:56:26,572 - INFO - Get LATEST chromedriver version for google-chrome
2025-02-24 22:56:27,011 - INFO - Driver [/Users/songbinbin/.wdm/drivers/chromedriver/mac64/133.0.6943.126/chromedriver-mac-x64/chromedriver] found in cache
2025-02-24 22:56:35,351 - INFO - MP3文件已保存到: /Users/songbinbin/Downloads/reading_app/book/read_book/voa_tingclass/可可英语/英语入门/可可英语/英语入门/千万别学英语/mp3/118-253448.mp3
2025-02-24 22:56:35,354 - INFO - HTML内容已保存到: /Users/songbinbin/Downloads/reading_app/book/read_book/voa_tingclass/可可英语/英语入门/可可英语/英语入门/千万别学英语/html/118-253448.html
2025-02-24 22:56:35,526 - INFO - 第 5 页: 已处理 8/10 篇文章
2025-02-24 22:56:36,583 - INFO - 开始提取文章详细信息: https://kekenet.com/lesson/118-253445
2025-02-24 22:56:36,584 - INFO - ====== WebDriver manager ======
2025-02-24 22:56:36,856 - INFO - Get LATEST chromedriver version for google-chrome
2025-02-24 22:56:37,163 - INFO - Get LATEST chromedriver version for google-chrome
2025-02-24 22:56:37,442 - INFO - Driver [/Users/songbinbin/.wdm/drivers/chromedriver/mac64/133.0.6943.126/chromedriver-mac-x64/chromedriver] found in cache
2025-02-24 22:56:45,437 - INFO - MP3文件已保存到: /Users/songbinbin/Downloads/reading_app/book/read_book/voa_tingclass/可可英语/英语入门/可可英语/英语入门/千万别学英语/mp3/118-253445.mp3
2025-02-24 22:56:45,442 - INFO - HTML内容已保存到: /Users/songbinbin/Downloads/reading_app/book/read_book/voa_tingclass/可可英语/英语入门/可可英语/英语入门/千万别学英语/html/118-253445.html
2025-02-24 22:56:45,596 - INFO - 第 5 页: 已处理 9/10 篇文章
2025-02-24 22:56:46,654 - INFO - 开始提取文章详细信息: https://kekenet.com/lesson/118-253444
2025-02-24 22:56:46,654 - INFO - ====== WebDriver manager ======
2025-02-24 22:56:46,932 - INFO - Get LATEST chromedriver version for google-chrome
2025-02-24 22:56:47,366 - INFO - Get LATEST chromedriver version for google-chrome
2025-02-24 22:56:47,633 - INFO - Driver [/Users/songbinbin/.wdm/drivers/chromedriver/mac64/133.0.6943.126/chromedriver-mac-x64/chromedriver] found in cache
2025-02-24 22:56:55,385 - INFO - MP3文件已保存到: /Users/songbinbin/Downloads/reading_app/book/read_book/voa_tingclass/可可英语/英语入门/可可英语/英语入门/千万别学英语/mp3/118-253444.mp3
2025-02-24 22:56:55,388 - INFO - HTML内容已保存到: /Users/songbinbin/Downloads/reading_app/book/read_book/voa_tingclass/可可英语/英语入门/可可英语/英语入门/千万别学英语/html/118-253444.html
2025-02-24 22:56:55,547 - INFO - 第 5 页: 已处理 10/10 篇文章
2025-02-24 22:56:57,593 - INFO - 正在处理第 6 页
2025-02-24 22:56:58,680 - INFO - 开始提取文章详细信息: https://kekenet.com/lesson/118-253443
2025-02-24 22:56:58,681 - INFO - ====== WebDriver manager ======
2025-02-24 22:56:58,956 - INFO - Get LATEST chromedriver version for google-chrome
2025-02-24 22:56:59,248 - INFO - Get LATEST chromedriver version for google-chrome
2025-02-24 22:56:59,512 - INFO - Driver [/Users/songbinbin/.wdm/drivers/chromedriver/mac64/133.0.6943.126/chromedriver-mac-x64/chromedriver] found in cache
2025-02-24 22:57:06,850 - INFO - MP3文件已保存到: /Users/songbinbin/Downloads/reading_app/book/read_book/voa_tingclass/可可英语/英语入门/可可英语/英语入门/千万别学英语/mp3/118-253443.mp3
2025-02-24 22:57:06,854 - INFO - HTML内容已保存到: /Users/songbinbin/Downloads/reading_app/book/read_book/voa_tingclass/可可英语/英语入门/可可英语/英语入门/千万别学英语/html/118-253443.html
2025-02-24 22:57:07,023 - INFO - 第 6 页: 已处理 1/10 篇文章
2025-02-24 22:57:08,104 - INFO - 开始提取文章详细信息: https://kekenet.com/lesson/118-253441
2025-02-24 22:57:08,104 - INFO - ====== WebDriver manager ======
2025-02-24 22:57:08,385 - INFO - Get LATEST chromedriver version for google-chrome
2025-02-24 22:57:08,660 - INFO - Get LATEST chromedriver version for google-chrome
2025-02-24 22:57:09,116 - INFO - Driver [/Users/songbinbin/.wdm/drivers/chromedriver/mac64/133.0.6943.126/chromedriver-mac-x64/chromedriver] found in cache
2025-02-24 22:57:17,144 - INFO - MP3文件已保存到: /Users/songbinbin/Downloads/reading_app/book/read_book/voa_tingclass/可可英语/英语入门/可可英语/英语入门/千万别学英语/mp3/118-253441.mp3
2025-02-24 22:57:17,148 - INFO - HTML内容已保存到: /Users/songbinbin/Downloads/reading_app/book/read_book/voa_tingclass/可可英语/英语入门/可可英语/英语入门/千万别学英语/html/118-253441.html
2025-02-24 22:57:17,326 - INFO - 第 6 页: 已处理 2/10 篇文章
2025-02-24 22:57:18,394 - INFO - 开始提取文章详细信息: https://kekenet.com/lesson/118-253439
2025-02-24 22:57:18,394 - INFO - ====== WebDriver manager ======
2025-02-24 22:57:18,713 - INFO - Get LATEST chromedriver version for google-chrome
2025-02-24 22:57:19,018 - INFO - Get LATEST chromedriver version for google-chrome
2025-02-24 22:57:19,323 - INFO - Driver [/Users/songbinbin/.wdm/drivers/chromedriver/mac64/133.0.6943.126/chromedriver-mac-x64/chromedriver] found in cache
2025-02-24 22:57:29,611 - INFO - MP3文件已保存到: /Users/songbinbin/Downloads/reading_app/book/read_book/voa_tingclass/可可英语/英语入门/可可英语/英语入门/千万别学英语/mp3/118-253439.mp3
2025-02-24 22:57:29,615 - INFO - HTML内容已保存到: /Users/songbinbin/Downloads/reading_app/book/read_book/voa_tingclass/可可英语/英语入门/可可英语/英语入门/千万别学英语/html/118-253439.html
2025-02-24 22:57:29,782 - INFO - 第 6 页: 已处理 3/10 篇文章
2025-02-24 22:57:30,843 - INFO - 开始提取文章详细信息: https://kekenet.com/lesson/118-253437
2025-02-24 22:57:30,843 - INFO - ====== WebDriver manager ======
2025-02-24 22:57:31,114 - INFO - Get LATEST chromedriver version for google-chrome
2025-02-24 22:57:32,465 - INFO - Get LATEST chromedriver version for google-chrome
2025-02-24 22:57:35,055 - INFO - Driver [/Users/songbinbin/.wdm/drivers/chromedriver/mac64/133.0.6943.126/chromedriver-mac-x64/chromedriver] found in cache
2025-02-24 22:57:44,526 - INFO - MP3文件已保存到: /Users/songbinbin/Downloads/reading_app/book/read_book/voa_tingclass/可可英语/英语入门/可可英语/英语入门/千万别学英语/mp3/118-253437.mp3
2025-02-24 22:57:44,530 - INFO - HTML内容已保存到: /Users/songbinbin/Downloads/reading_app/book/read_book/voa_tingclass/可可英语/英语入门/可可英语/英语入门/千万别学英语/html/118-253437.html
2025-02-24 22:57:44,702 - INFO - 第 6 页: 已处理 4/10 篇文章
2025-02-24 22:57:45,768 - INFO - 开始提取文章详细信息: https://kekenet.com/lesson/118-253436
2025-02-24 22:57:45,768 - INFO - ====== WebDriver manager ======
2025-02-24 22:57:46,052 - INFO - Get LATEST chromedriver version for google-chrome
2025-02-24 22:57:46,523 - INFO - Get LATEST chromedriver version for google-chrome
2025-02-24 22:57:46,835 - INFO - Driver [/Users/songbinbin/.wdm/drivers/chromedriver/mac64/133.0.6943.126/chromedriver-mac-x64/chromedriver] found in cache
2025-02-24 22:57:57,139 - INFO - MP3文件已保存到: /Users/songbinbin/Downloads/reading_app/book/read_book/voa_tingclass/可可英语/英语入门/可可英语/英语入门/千万别学英语/mp3/118-253436.mp3
2025-02-24 22:57:57,145 - INFO - HTML内容已保存到: /Users/songbinbin/Downloads/reading_app/book/read_book/voa_tingclass/可可英语/英语入门/可可英语/英语入门/千万别学英语/html/118-253436.html
2025-02-24 22:57:57,316 - INFO - 第 6 页: 已处理 5/10 篇文章
2025-02-24 22:57:58,407 - INFO - 开始提取文章详细信息: https://kekenet.com/lesson/118-253434
2025-02-24 22:57:58,407 - INFO - ====== WebDriver manager ======
2025-02-24 22:57:58,689 - INFO - Get LATEST chromedriver version for google-chrome
2025-02-24 22:57:59,068 - INFO - Get LATEST chromedriver version for google-chrome
2025-02-24 22:57:59,591 - INFO - Driver [/Users/songbinbin/.wdm/drivers/chromedriver/mac64/133.0.6943.126/chromedriver-mac-x64/chromedriver] found in cache
2025-02-24 22:58:11,325 - INFO - MP3文件已保存到: /Users/songbinbin/Downloads/reading_app/book/read_book/voa_tingclass/可可英语/英语入门/可可英语/英语入门/千万别学英语/mp3/118-253434.mp3
2025-02-24 22:58:11,330 - INFO - HTML内容已保存到: /Users/songbinbin/Downloads/reading_app/book/read_book/voa_tingclass/可可英语/英语入门/可可英语/英语入门/千万别学英语/html/118-253434.html
2025-02-24 22:58:11,486 - INFO - 第 6 页: 已处理 6/10 篇文章
2025-02-24 22:58:12,563 - INFO - 开始提取文章详细信息: https://kekenet.com/lesson/118-253433
2025-02-24 22:58:12,563 - INFO - ====== WebDriver manager ======
2025-02-24 22:58:12,846 - INFO - Get LATEST chromedriver version for google-chrome
2025-02-24 22:58:13,218 - INFO - Get LATEST chromedriver version for google-chrome
2025-02-24 22:58:13,810 - INFO - Driver [/Users/songbinbin/.wdm/drivers/chromedriver/mac64/133.0.6943.126/chromedriver-mac-x64/chromedriver] found in cache
2025-02-24 22:58:18,876 - INFO - MP3文件已保存到: /Users/songbinbin/Downloads/reading_app/book/read_book/voa_tingclass/可可英语/英语入门/可可英语/英语入门/千万别学英语/mp3/118-253433.mp3
2025-02-24 22:58:18,879 - INFO - HTML内容已保存到: /Users/songbinbin/Downloads/reading_app/book/read_book/voa_tingclass/可可英语/英语入门/可可英语/英语入门/千万别学英语/html/118-253433.html
2025-02-24 22:58:19,051 - INFO - 第 6 页: 已处理 7/10 篇文章
2025-02-24 22:58:20,114 - INFO - 开始提取文章详细信息: https://kekenet.com/lesson/118-253401
2025-02-24 22:58:20,115 - INFO - ====== WebDriver manager ======
2025-02-24 22:58:20,377 - INFO - Get LATEST chromedriver version for google-chrome
2025-02-24 22:58:21,681 - INFO - Get LATEST chromedriver version for google-chrome
2025-02-24 22:58:22,452 - INFO - Driver [/Users/songbinbin/.wdm/drivers/chromedriver/mac64/133.0.6943.126/chromedriver-mac-x64/chromedriver] found in cache
2025-02-24 22:58:27,319 - INFO - MP3文件已保存到: /Users/songbinbin/Downloads/reading_app/book/read_book/voa_tingclass/可可英语/英语入门/可可英语/英语入门/千万别学英语/mp3/118-253401.mp3
2025-02-24 22:58:27,323 - INFO - HTML内容已保存到: /Users/songbinbin/Downloads/reading_app/book/read_book/voa_tingclass/可可英语/英语入门/可可英语/英语入门/千万别学英语/html/118-253401.html
2025-02-24 22:58:27,523 - INFO - 第 6 页: 已处理 8/10 篇文章
2025-02-24 22:58:28,588 - INFO - 开始提取文章详细信息: https://kekenet.com/lesson/118-253400
2025-02-24 22:58:28,588 - INFO - ====== WebDriver manager ======
2025-02-24 22:58:28,865 - INFO - Get LATEST chromedriver version for google-chrome
2025-02-24 22:58:29,231 - INFO - Get LATEST chromedriver version for google-chrome
2025-02-24 22:58:29,528 - INFO - Driver [/Users/songbinbin/.wdm/drivers/chromedriver/mac64/133.0.6943.126/chromedriver-mac-x64/chromedriver] found in cache
2025-02-24 22:58:38,066 - INFO - MP3文件已保存到: /Users/songbinbin/Downloads/reading_app/book/read_book/voa_tingclass/可可英语/英语入门/可可英语/英语入门/千万别学英语/mp3/118-253400.mp3
2025-02-24 22:58:38,070 - INFO - HTML内容已保存到: /Users/songbinbin/Downloads/reading_app/book/read_book/voa_tingclass/可可英语/英语入门/可可英语/英语入门/千万别学英语/html/118-253400.html
2025-02-24 22:58:38,239 - INFO - 第 6 页: 已处理 9/10 篇文章
2025-02-24 22:58:39,314 - INFO - 开始提取文章详细信息: https://kekenet.com/lesson/118-253398
2025-02-24 22:58:39,314 - INFO - ====== WebDriver manager ======
2025-02-24 22:58:39,581 - INFO - Get LATEST chromedriver version for google-chrome
2025-02-24 22:58:40,463 - INFO - Get LATEST chromedriver version for google-chrome
2025-02-24 22:58:40,781 - INFO - Driver [/Users/songbinbin/.wdm/drivers/chromedriver/mac64/133.0.6943.126/chromedriver-mac-x64/chromedriver] found in cache
2025-02-24 22:58:49,145 - INFO - MP3文件已保存到: /Users/songbinbin/Downloads/reading_app/book/read_book/voa_tingclass/可可英语/英语入门/可可英语/英语入门/千万别学英语/mp3/118-253398.mp3
2025-02-24 22:58:49,150 - INFO - HTML内容已保存到: /Users/songbinbin/Downloads/reading_app/book/read_book/voa_tingclass/可可英语/英语入门/可可英语/英语入门/千万别学英语/html/118-253398.html
2025-02-24 22:58:49,312 - INFO - 第 6 页: 已处理 10/10 篇文章
2025-02-24 22:58:51,348 - INFO - 正在处理第 7 页
2025-02-24 22:58:52,432 - INFO - 开始提取文章详细信息: https://kekenet.com/lesson/118-253396
2025-02-24 22:58:52,432 - INFO - ====== WebDriver manager ======
2025-02-24 22:58:52,700 - INFO - Get LATEST chromedriver version for google-chrome
2025-02-24 22:58:53,240 - INFO - Get LATEST chromedriver version for google-chrome
2025-02-24 22:58:53,605 - INFO - Driver [/Users/songbinbin/.wdm/drivers/chromedriver/mac64/133.0.6943.126/chromedriver-mac-x64/chromedriver] found in cache
2025-02-24 22:59:08,392 - INFO - MP3文件已保存到: /Users/songbinbin/Downloads/reading_app/book/read_book/voa_tingclass/可可英语/英语入门/可可英语/英语入门/千万别学英语/mp3/118-253396.mp3
2025-02-24 22:59:08,396 - INFO - HTML内容已保存到: /Users/songbinbin/Downloads/reading_app/book/read_book/voa_tingclass/可可英语/英语入门/可可英语/英语入门/千万别学英语/html/118-253396.html
2025-02-24 22:59:08,578 - INFO - 第 7 页: 已处理 1/10 篇文章
2025-02-24 22:59:09,653 - INFO - 开始提取文章详细信息: https://kekenet.com/lesson/118-253395
2025-02-24 22:59:09,653 - INFO - ====== WebDriver manager ======
2025-02-24 22:59:09,926 - INFO - Get LATEST chromedriver version for google-chrome
2025-02-24 22:59:10,368 - INFO - Get LATEST chromedriver version for google-chrome
2025-02-24 22:59:10,698 - INFO - Driver [/Users/songbinbin/.wdm/drivers/chromedriver/mac64/133.0.6943.126/chromedriver-mac-x64/chromedriver] found in cache
2025-02-24 22:59:18,465 - INFO - MP3文件已保存到: /Users/songbinbin/Downloads/reading_app/book/read_book/voa_tingclass/可可英语/英语入门/可可英语/英语入门/千万别学英语/mp3/118-253395.mp3
2025-02-24 22:59:18,469 - INFO - HTML内容已保存到: /Users/songbinbin/Downloads/reading_app/book/read_book/voa_tingclass/可可英语/英语入门/可可英语/英语入门/千万别学英语/html/118-253395.html
2025-02-24 22:59:18,644 - INFO - 第 7 页: 已处理 2/10 篇文章
2025-02-24 22:59:19,724 - INFO - 开始提取文章详细信息: https://kekenet.com/lesson/118-253394
2025-02-24 22:59:19,724 - INFO - ====== WebDriver manager ======
2025-02-24 22:59:19,985 - INFO - Get LATEST chromedriver version for google-chrome
2025-02-24 22:59:20,309 - INFO - Get LATEST chromedriver version for google-chrome
2025-02-24 22:59:20,751 - INFO - Driver [/Users/songbinbin/.wdm/drivers/chromedriver/mac64/133.0.6943.126/chromedriver-mac-x64/chromedriver] found in cache
2025-02-24 22:59:31,957 - INFO - MP3文件已保存到: /Users/songbinbin/Downloads/reading_app/book/read_book/voa_tingclass/可可英语/英语入门/可可英语/英语入门/千万别学英语/mp3/118-253394.mp3
2025-02-24 22:59:31,961 - INFO - HTML内容已保存到: /Users/songbinbin/Downloads/reading_app/book/read_book/voa_tingclass/可可英语/英语入门/可可英语/英语入门/千万别学英语/html/118-253394.html
2025-02-24 22:59:32,134 - INFO - 第 7 页: 已处理 3/10 篇文章
2025-02-24 22:59:33,200 - INFO - 开始提取文章详细信息: https://kekenet.com/lesson/118-253393
2025-02-24 22:59:33,200 - INFO - ====== WebDriver manager ======
2025-02-24 22:59:33,489 - INFO - Get LATEST chromedriver version for google-chrome
2025-02-24 22:59:33,799 - INFO - Get LATEST chromedriver version for google-chrome
2025-02-24 22:59:34,125 - INFO - Driver [/Users/songbinbin/.wdm/drivers/chromedriver/mac64/133.0.6943.126/chromedriver-mac-x64/chromedriver] found in cache
2025-02-24 22:59:47,146 - INFO - MP3文件已保存到: /Users/songbinbin/Downloads/reading_app/book/read_book/voa_tingclass/可可英语/英语入门/可可英语/英语入门/千万别学英语/mp3/118-253393.mp3
2025-02-24 22:59:47,151 - INFO - HTML内容已保存到: /Users/songbinbin/Downloads/reading_app/book/read_book/voa_tingclass/可可英语/英语入门/可可英语/英语入门/千万别学英语/html/118-253393.html
2025-02-24 22:59:47,319 - INFO - 第 7 页: 已处理 4/10 篇文章
2025-02-24 22:59:48,401 - INFO - 开始提取文章详细信息: https://kekenet.com/lesson/118-253392
2025-02-24 22:59:48,401 - INFO - ====== WebDriver manager ======
2025-02-24 22:59:48,678 - INFO - Get LATEST chromedriver version for google-chrome
2025-02-24 22:59:48,995 - INFO - Get LATEST chromedriver version for google-chrome
2025-02-24 22:59:49,299 - INFO - Driver [/Users/songbinbin/.wdm/drivers/chromedriver/mac64/133.0.6943.126/chromedriver-mac-x64/chromedriver] found in cache
2025-02-24 23:00:09,842 - INFO - MP3文件已保存到: /Users/songbinbin/Downloads/reading_app/book/read_book/voa_tingclass/可可英语/英语入门/可可英语/英语入门/千万别学英语/mp3/118-253392.mp3
2025-02-24 23:00:09,846 - INFO - HTML内容已保存到: /Users/songbinbin/Downloads/reading_app/book/read_book/voa_tingclass/可可英语/英语入门/可可英语/英语入门/千万别学英语/html/118-253392.html
2025-02-24 23:00:10,023 - INFO - 第 7 页: 已处理 5/10 篇文章
2025-02-24 23:00:11,105 - INFO - 开始提取文章详细信息: https://kekenet.com/lesson/118-253391
2025-02-24 23:00:11,105 - INFO - ====== WebDriver manager ======
2025-02-24 23:00:11,382 - INFO - Get LATEST chromedriver version for google-chrome
2025-02-24 23:00:11,702 - INFO - Get LATEST chromedriver version for google-chrome
2025-02-24 23:00:11,970 - INFO - Driver [/Users/songbinbin/.wdm/drivers/chromedriver/mac64/133.0.6943.126/chromedriver-mac-x64/chromedriver] found in cache
2025-02-24 23:00:25,811 - ERROR - 未找到音频链接: https://kekenet.com/lesson/118-253391
2025-02-24 23:00:25,977 - INFO - 第 7 页: 已处理 6/10 篇文章
2025-02-24 23:00:27,043 - INFO - 开始提取文章详细信息: https://kekenet.com/lesson/118-253390
2025-02-24 23:00:27,044 - INFO - ====== WebDriver manager ======
2025-02-24 23:00:27,309 - INFO - Get LATEST chromedriver version for google-chrome
2025-02-24 23:00:27,802 - INFO - Get LATEST chromedriver version for google-chrome
2025-02-24 23:00:28,223 - INFO - Driver [/Users/songbinbin/.wdm/drivers/chromedriver/mac64/133.0.6943.126/chromedriver-mac-x64/chromedriver] found in cache
2025-02-24 23:00:43,797 - INFO - MP3文件已保存到: /Users/songbinbin/Downloads/reading_app/book/read_book/voa_tingclass/可可英语/英语入门/可可英语/英语入门/千万别学英语/mp3/118-253390.mp3
2025-02-24 23:00:43,801 - INFO - HTML内容已保存到: /Users/songbinbin/Downloads/reading_app/book/read_book/voa_tingclass/可可英语/英语入门/可可英语/英语入门/千万别学英语/html/118-253390.html
2025-02-24 23:00:43,977 - INFO - 第 7 页: 已处理 7/10 篇文章
2025-02-24 23:00:45,049 - INFO - 开始提取文章详细信息: https://kekenet.com/lesson/118-253369
2025-02-24 23:00:45,050 - INFO - ====== WebDriver manager ======
2025-02-24 23:00:45,297 - INFO - Get LATEST chromedriver version for google-chrome
2025-02-24 23:00:45,599 - INFO - Get LATEST chromedriver version for google-chrome
2025-02-24 23:00:45,883 - INFO - Driver [/Users/songbinbin/.wdm/drivers/chromedriver/mac64/133.0.6943.126/chromedriver-mac-x64/chromedriver] found in cache
2025-02-24 23:00:53,129 - INFO - MP3文件已保存到: /Users/songbinbin/Downloads/reading_app/book/read_book/voa_tingclass/可可英语/英语入门/可可英语/英语入门/千万别学英语/mp3/118-253369.mp3
2025-02-24 23:00:53,134 - INFO - HTML内容已保存到: /Users/songbinbin/Downloads/reading_app/book/read_book/voa_tingclass/可可英语/英语入门/可可英语/英语入门/千万别学英语/html/118-253369.html
2025-02-24 23:00:53,305 - INFO - 第 7 页: 已处理 8/10 篇文章
2025-02-24 23:00:54,383 - INFO - 开始提取文章详细信息: https://kekenet.com/lesson/118-253368
2025-02-24 23:00:54,384 - INFO - ====== WebDriver manager ======
2025-02-24 23:00:54,649 - INFO - Get LATEST chromedriver version for google-chrome
2025-02-24 23:00:54,940 - INFO - Get LATEST chromedriver version for google-chrome
2025-02-24 23:00:55,233 - INFO - Driver [/Users/songbinbin/.wdm/drivers/chromedriver/mac64/133.0.6943.126/chromedriver-mac-x64/chromedriver] found in cache
2025-02-24 23:00:59,489 - INFO - MP3文件已保存到: /Users/songbinbin/Downloads/reading_app/book/read_book/voa_tingclass/可可英语/英语入门/可可英语/英语入门/千万别学英语/mp3/118-253368.mp3
2025-02-24 23:00:59,493 - INFO - HTML内容已保存到: /Users/songbinbin/Downloads/reading_app/book/read_book/voa_tingclass/可可英语/英语入门/可可英语/英语入门/千万别学英语/html/118-253368.html
2025-02-24 23:00:59,649 - INFO - 第 7 页: 已处理 9/10 篇文章
2025-02-24 23:01:00,706 - INFO - 开始提取文章详细信息: https://kekenet.com/lesson/118-253366
2025-02-24 23:01:00,707 - INFO - ====== WebDriver manager ======
2025-02-24 23:01:00,974 - INFO - Get LATEST chromedriver version for google-chrome
2025-02-24 23:01:01,434 - INFO - Get LATEST chromedriver version for google-chrome
2025-02-24 23:01:01,764 - INFO - Driver [/Users/songbinbin/.wdm/drivers/chromedriver/mac64/133.0.6943.126/chromedriver-mac-x64/chromedriver] found in cache
2025-02-24 23:01:14,449 - INFO - MP3文件已保存到: /Users/songbinbin/Downloads/reading_app/book/read_book/voa_tingclass/可可英语/英语入门/可可英语/英语入门/千万别学英语/mp3/118-253366.mp3
2025-02-24 23:01:14,454 - INFO - HTML内容已保存到: /Users/songbinbin/Downloads/reading_app/book/read_book/voa_tingclass/可可英语/英语入门/可可英语/英语入门/千万别学英语/html/118-253366.html
2025-02-24 23:01:14,626 - INFO - 第 7 页: 已处理 10/10 篇文章
2025-02-24 23:01:16,669 - INFO - 正在处理第 8 页
2025-02-24 23:01:17,756 - INFO - 开始提取文章详细信息: https://kekenet.com/lesson/118-253365
2025-02-24 23:01:17,756 - INFO - ====== WebDriver manager ======
2025-02-24 23:01:18,020 - INFO - Get LATEST chromedriver version for google-chrome
2025-02-24 23:01:18,457 - INFO - Get LATEST chromedriver version for google-chrome
2025-02-24 23:01:18,784 - INFO - Driver [/Users/songbinbin/.wdm/drivers/chromedriver/mac64/133.0.6943.126/chromedriver-mac-x64/chromedriver] found in cache
2025-02-24 23:01:26,344 - INFO - MP3文件已保存到: /Users/songbinbin/Downloads/reading_app/book/read_book/voa_tingclass/可可英语/英语入门/可可英语/英语入门/千万别学英语/mp3/118-253365.mp3
2025-02-24 23:01:26,347 - INFO - HTML内容已保存到: /Users/songbinbin/Downloads/reading_app/book/read_book/voa_tingclass/可可英语/英语入门/可可英语/英语入门/千万别学英语/html/118-253365.html
2025-02-24 23:01:26,517 - INFO - 第 8 页: 已处理 1/10 篇文章
2025-02-24 23:01:27,583 - INFO - 开始提取文章详细信息: https://kekenet.com/lesson/118-253364
2025-02-24 23:01:27,583 - INFO - ====== WebDriver manager ======
2025-02-24 23:01:27,866 - INFO - Get LATEST chromedriver version for google-chrome
2025-02-24 23:01:28,321 - INFO - Get LATEST chromedriver version for google-chrome
2025-02-24 23:01:28,616 - INFO - Driver [/Users/songbinbin/.wdm/drivers/chromedriver/mac64/133.0.6943.126/chromedriver-mac-x64/chromedriver] found in cache
2025-02-24 23:01:38,209 - INFO - MP3文件已保存到: /Users/songbinbin/Downloads/reading_app/book/read_book/voa_tingclass/可可英语/英语入门/可可英语/英语入门/千万别学英语/mp3/118-253364.mp3
2025-02-24 23:01:38,213 - INFO - HTML内容已保存到: /Users/songbinbin/Downloads/reading_app/book/read_book/voa_tingclass/可可英语/英语入门/可可英语/英语入门/千万别学英语/html/118-253364.html
2025-02-24 23:01:38,383 - INFO - 第 8 页: 已处理 2/10 篇文章
2025-02-24 23:01:39,451 - INFO - 开始提取文章详细信息: https://kekenet.com/lesson/118-253363
2025-02-24 23:01:39,451 - INFO - ====== WebDriver manager ======
2025-02-24 23:01:39,722 - INFO - Get LATEST chromedriver version for google-chrome
2025-02-24 23:01:40,071 - INFO - Get LATEST chromedriver version for google-chrome
2025-02-24 23:01:40,514 - INFO - Driver [/Users/songbinbin/.wdm/drivers/chromedriver/mac64/133.0.6943.126/chromedriver-mac-x64/chromedriver] found in cache
2025-02-24 23:01:50,561 - INFO - MP3文件已保存到: /Users/songbinbin/Downloads/reading_app/book/read_book/voa_tingclass/可可英语/英语入门/可可英语/英语入门/千万别学英语/mp3/118-253363.mp3
2025-02-24 23:01:50,566 - INFO - HTML内容已保存到: /Users/songbinbin/Downloads/reading_app/book/read_book/voa_tingclass/可可英语/英语入门/可可英语/英语入门/千万别学英语/html/118-253363.html
2025-02-24 23:01:50,731 - INFO - 第 8 页: 已处理 3/10 篇文章
2025-02-24 23:01:51,795 - INFO - 开始提取文章详细信息: https://kekenet.com/lesson/118-253362
2025-02-24 23:01:51,795 - INFO - ====== WebDriver manager ======
2025-02-24 23:01:52,080 - INFO - Get LATEST chromedriver version for google-chrome
2025-02-24 23:01:52,482 - INFO - Get LATEST chromedriver version for google-chrome
2025-02-24 23:01:52,772 - INFO - Driver [/Users/songbinbin/.wdm/drivers/chromedriver/mac64/133.0.6943.126/chromedriver-mac-x64/chromedriver] found in cache
2025-02-24 23:02:06,793 - ERROR - 未找到音频链接: https://kekenet.com/lesson/118-253362
2025-02-24 23:02:06,957 - INFO - 第 8 页: 已处理 4/10 篇文章
2025-02-24 23:02:08,027 - INFO - 开始提取文章详细信息: https://kekenet.com/lesson/118-253360
2025-02-24 23:02:08,027 - INFO - ====== WebDriver manager ======
2025-02-24 23:02:08,322 - INFO - Get LATEST chromedriver version for google-chrome
2025-02-24 23:02:08,684 - INFO - Get LATEST chromedriver version for google-chrome
2025-02-24 23:02:09,172 - INFO - Driver [/Users/songbinbin/.wdm/drivers/chromedriver/mac64/133.0.6943.126/chromedriver-mac-x64/chromedriver] found in cache
2025-02-24 23:02:17,606 - INFO - MP3文件已保存到: /Users/songbinbin/Downloads/reading_app/book/read_book/voa_tingclass/可可英语/英语入门/可可英语/英语入门/千万别学英语/mp3/118-253360.mp3
2025-02-24 23:02:17,613 - INFO - HTML内容已保存到: /Users/songbinbin/Downloads/reading_app/book/read_book/voa_tingclass/可可英语/英语入门/可可英语/英语入门/千万别学英语/html/118-253360.html
2025-02-24 23:02:17,802 - INFO - 第 8 页: 已处理 5/10 篇文章
2025-02-24 23:02:18,879 - INFO - 开始提取文章详细信息: https://kekenet.com/lesson/118-253358
2025-02-24 23:02:18,880 - INFO - ====== WebDriver manager ======
2025-02-24 23:02:19,157 - INFO - Get LATEST chromedriver version for google-chrome
2025-02-24 23:02:19,548 - INFO - Get LATEST chromedriver version for google-chrome
2025-02-24 23:02:19,860 - INFO - Driver [/Users/songbinbin/.wdm/drivers/chromedriver/mac64/133.0.6943.126/chromedriver-mac-x64/chromedriver] found in cache
2025-02-24 23:02:27,039 - INFO - MP3文件已保存到: /Users/songbinbin/Downloads/reading_app/book/read_book/voa_tingclass/可可英语/英语入门/可可英语/英语入门/千万别学英语/mp3/118-253358.mp3
2025-02-24 23:02:27,043 - INFO - HTML内容已保存到: /Users/songbinbin/Downloads/reading_app/book/read_book/voa_tingclass/可可英语/英语入门/可可英语/英语入门/千万别学英语/html/118-253358.html
2025-02-24 23:02:27,215 - INFO - 第 8 页: 已处理 6/10 篇文章
2025-02-24 23:02:28,275 - INFO - 开始提取文章详细信息: https://kekenet.com/lesson/118-253356
2025-02-24 23:02:28,275 - INFO - ====== WebDriver manager ======
2025-02-24 23:02:28,537 - INFO - Get LATEST chromedriver version for google-chrome
2025-02-24 23:02:28,901 - INFO - Get LATEST chromedriver version for google-chrome
2025-02-24 23:02:29,280 - INFO - Driver [/Users/songbinbin/.wdm/drivers/chromedriver/mac64/133.0.6943.126/chromedriver-mac-x64/chromedriver] found in cache
2025-02-24 23:02:42,315 - INFO - MP3文件已保存到: /Users/songbinbin/Downloads/reading_app/book/read_book/voa_tingclass/可可英语/英语入门/可可英语/英语入门/千万别学英语/mp3/118-253356.mp3
2025-02-24 23:02:42,319 - INFO - HTML内容已保存到: /Users/songbinbin/Downloads/reading_app/book/read_book/voa_tingclass/可可英语/英语入门/可可英语/英语入门/千万别学英语/html/118-253356.html
2025-02-24 23:02:42,487 - INFO - 第 8 页: 已处理 7/10 篇文章
2025-02-24 23:02:43,551 - INFO - 开始提取文章详细信息: https://kekenet.com/lesson/118-253262
2025-02-24 23:02:43,552 - INFO - ====== WebDriver manager ======
2025-02-24 23:02:43,819 - INFO - Get LATEST chromedriver version for google-chrome
2025-02-24 23:02:44,405 - INFO - Get LATEST chromedriver version for google-chrome
2025-02-24 23:02:44,737 - INFO - Driver [/Users/songbinbin/.wdm/drivers/chromedriver/mac64/133.0.6943.126/chromedriver-mac-x64/chromedriver] found in cache
2025-02-24 23:02:52,568 - INFO - MP3文件已保存到: /Users/songbinbin/Downloads/reading_app/book/read_book/voa_tingclass/可可英语/英语入门/可可英语/英语入门/千万别学英语/mp3/118-253262.mp3
2025-02-24 23:02:52,571 - INFO - HTML内容已保存到: /Users/songbinbin/Downloads/reading_app/book/read_book/voa_tingclass/可可英语/英语入门/可可英语/英语入门/千万别学英语/html/118-253262.html
2025-02-24 23:02:52,731 - INFO - 第 8 页: 已处理 8/10 篇文章
2025-02-24 23:02:53,797 - INFO - 开始提取文章详细信息: https://kekenet.com/lesson/118-253259
2025-02-24 23:02:53,797 - INFO - ====== WebDriver manager ======
2025-02-24 23:02:54,060 - INFO - Get LATEST chromedriver version for google-chrome
2025-02-24 23:02:55,170 - INFO - Get LATEST chromedriver version for google-chrome
2025-02-24 23:02:55,517 - INFO - Driver [/Users/songbinbin/.wdm/drivers/chromedriver/mac64/133.0.6943.126/chromedriver-mac-x64/chromedriver] found in cache
2025-02-24 23:03:00,060 - INFO - MP3文件已保存到: /Users/songbinbin/Downloads/reading_app/book/read_book/voa_tingclass/可可英语/英语入门/可可英语/英语入门/千万别学英语/mp3/118-253259.mp3
2025-02-24 23:03:00,064 - INFO - HTML内容已保存到: /Users/songbinbin/Downloads/reading_app/book/read_book/voa_tingclass/可可英语/英语入门/可可英语/英语入门/千万别学英语/html/118-253259.html
2025-02-24 23:03:00,219 - INFO - 第 8 页: 已处理 9/10 篇文章
2025-02-24 23:03:01,286 - INFO - 开始提取文章详细信息: https://kekenet.com/lesson/118-253354
2025-02-24 23:03:01,286 - INFO - ====== WebDriver manager ======
2025-02-24 23:03:01,555 - INFO - Get LATEST chromedriver version for google-chrome
2025-02-24 23:03:02,291 - INFO - Get LATEST chromedriver version for google-chrome
2025-02-24 23:03:03,073 - INFO - Driver [/Users/songbinbin/.wdm/drivers/chromedriver/mac64/133.0.6943.126/chromedriver-mac-x64/chromedriver] found in cache
2025-02-24 23:03:10,291 - INFO - MP3文件已保存到: /Users/songbinbin/Downloads/reading_app/book/read_book/voa_tingclass/可可英语/英语入门/可可英语/英语入门/千万别学英语/mp3/118-253354.mp3
2025-02-24 23:03:10,294 - INFO - HTML内容已保存到: /Users/songbinbin/Downloads/reading_app/book/read_book/voa_tingclass/可可英语/英语入门/可可英语/英语入门/千万别学英语/html/118-253354.html
2025-02-24 23:03:10,467 - INFO - 第 8 页: 已处理 10/10 篇文章
2025-02-24 23:03:12,507 - INFO - 正在处理第 9 页
2025-02-24 23:03:13,596 - INFO - 开始提取文章详细信息: https://kekenet.com/lesson/118-253253
2025-02-24 23:03:13,596 - INFO - ====== WebDriver manager ======
2025-02-24 23:03:13,857 - INFO - Get LATEST chromedriver version for google-chrome
2025-02-24 23:03:14,273 - INFO - Get LATEST chromedriver version for google-chrome
2025-02-24 23:03:14,730 - INFO - Driver [/Users/songbinbin/.wdm/drivers/chromedriver/mac64/133.0.6943.126/chromedriver-mac-x64/chromedriver] found in cache
2025-02-24 23:03:22,118 - INFO - MP3文件已保存到: /Users/songbinbin/Downloads/reading_app/book/read_book/voa_tingclass/可可英语/英语入门/可可英语/英语入门/千万别学英语/mp3/118-253253.mp3
2025-02-24 23:03:22,122 - INFO - HTML内容已保存到: /Users/songbinbin/Downloads/reading_app/book/read_book/voa_tingclass/可可英语/英语入门/可可英语/英语入门/千万别学英语/html/118-253253.html
2025-02-24 23:03:22,285 - INFO - 第 9 页: 已处理 1/10 篇文章
2025-02-24 23:03:23,352 - INFO - 开始提取文章详细信息: https://kekenet.com/lesson/118-253251
2025-02-24 23:03:23,352 - INFO - ====== WebDriver manager ======
2025-02-24 23:03:23,608 - INFO - Get LATEST chromedriver version for google-chrome
2025-02-24 23:03:24,062 - INFO - Get LATEST chromedriver version for google-chrome
2025-02-24 23:03:24,484 - INFO - Driver [/Users/songbinbin/.wdm/drivers/chromedriver/mac64/133.0.6943.126/chromedriver-mac-x64/chromedriver] found in cache
2025-02-24 23:03:38,522 - INFO - MP3文件已保存到: /Users/songbinbin/Downloads/reading_app/book/read_book/voa_tingclass/可可英语/英语入门/可可英语/英语入门/千万别学英语/mp3/118-253251.mp3
2025-02-24 23:03:38,526 - INFO - HTML内容已保存到: /Users/songbinbin/Downloads/reading_app/book/read_book/voa_tingclass/可可英语/英语入门/可可英语/英语入门/千万别学英语/html/118-253251.html
2025-02-24 23:03:38,698 - INFO - 第 9 页: 已处理 2/10 篇文章
2025-02-24 23:03:39,757 - INFO - 开始提取文章详细信息: https://kekenet.com/lesson/118-253247
2025-02-24 23:03:39,757 - INFO - ====== WebDriver manager ======
2025-02-24 23:03:39,999 - INFO - Get LATEST chromedriver version for google-chrome
2025-02-24 23:03:40,589 - INFO - Get LATEST chromedriver version for google-chrome
2025-02-24 23:03:41,654 - INFO - Driver [/Users/songbinbin/.wdm/drivers/chromedriver/mac64/133.0.6943.126/chromedriver-mac-x64/chromedriver] found in cache
2025-02-24 23:03:54,913 - INFO - MP3文件已保存到: /Users/songbinbin/Downloads/reading_app/book/read_book/voa_tingclass/可可英语/英语入门/可可英语/英语入门/千万别学英语/mp3/118-253247.mp3
2025-02-24 23:03:54,917 - INFO - HTML内容已保存到: /Users/songbinbin/Downloads/reading_app/book/read_book/voa_tingclass/可可英语/英语入门/可可英语/英语入门/千万别学英语/html/118-253247.html
2025-02-24 23:03:55,070 - INFO - 第 9 页: 已处理 3/10 篇文章
2025-02-24 23:03:56,152 - INFO - 开始提取文章详细信息: https://kekenet.com/lesson/118-253246
2025-02-24 23:03:56,152 - INFO - ====== WebDriver manager ======
2025-02-24 23:03:56,409 - INFO - Get LATEST chromedriver version for google-chrome
2025-02-24 23:03:56,931 - INFO - Get LATEST chromedriver version for google-chrome
2025-02-24 23:03:57,548 - INFO - Driver [/Users/songbinbin/.wdm/drivers/chromedriver/mac64/133.0.6943.126/chromedriver-mac-x64/chromedriver] found in cache
2025-02-24 23:04:07,097 - INFO - MP3文件已保存到: /Users/songbinbin/Downloads/reading_app/book/read_book/voa_tingclass/可可英语/英语入门/可可英语/英语入门/千万别学英语/mp3/118-253246.mp3
2025-02-24 23:04:07,100 - INFO - HTML内容已保存到: /Users/songbinbin/Downloads/reading_app/book/read_book/voa_tingclass/可可英语/英语入门/可可英语/英语入门/千万别学英语/html/118-253246.html
2025-02-24 23:04:07,274 - INFO - 第 9 页: 已处理 4/10 篇文章
2025-02-24 23:04:08,337 - INFO - 开始提取文章详细信息: https://kekenet.com/lesson/118-253244
2025-02-24 23:04:08,337 - INFO - ====== WebDriver manager ======
2025-02-24 23:04:08,595 - INFO - Get LATEST chromedriver version for google-chrome
2025-02-24 23:04:09,163 - INFO - Get LATEST chromedriver version for google-chrome
2025-02-24 23:04:10,306 - INFO - Driver [/Users/songbinbin/.wdm/drivers/chromedriver/mac64/133.0.6943.126/chromedriver-mac-x64/chromedriver] found in cache
2025-02-24 23:04:15,563 - INFO - MP3文件已保存到: /Users/songbinbin/Downloads/reading_app/book/read_book/voa_tingclass/可可英语/英语入门/可可英语/英语入门/千万别学英语/mp3/118-253244.mp3
2025-02-24 23:04:15,567 - INFO - HTML内容已保存到: /Users/songbinbin/Downloads/reading_app/book/read_book/voa_tingclass/可可英语/英语入门/可可英语/英语入门/千万别学英语/html/118-253244.html
2025-02-24 23:04:15,723 - INFO - 第 9 页: 已处理 5/10 篇文章
2025-02-24 23:04:16,777 - INFO - 开始提取文章详细信息: https://kekenet.com/lesson/118-253242
2025-02-24 23:04:16,778 - INFO - ====== WebDriver manager ======
2025-02-24 23:04:17,036 - INFO - Get LATEST chromedriver version for google-chrome
2025-02-24 23:04:18,244 - INFO - Get LATEST chromedriver version for google-chrome
2025-02-24 23:04:18,645 - INFO - Driver [/Users/songbinbin/.wdm/drivers/chromedriver/mac64/133.0.6943.126/chromedriver-mac-x64/chromedriver] found in cache
2025-02-24 23:04:26,754 - INFO - MP3文件已保存到: /Users/songbinbin/Downloads/reading_app/book/read_book/voa_tingclass/可可英语/英语入门/可可英语/英语入门/千万别学英语/mp3/118-253242.mp3
2025-02-24 23:04:26,758 - INFO - HTML内容已保存到: /Users/songbinbin/Downloads/reading_app/book/read_book/voa_tingclass/可可英语/英语入门/可可英语/英语入门/千万别学英语/html/118-253242.html
2025-02-24 23:04:26,927 - INFO - 第 9 页: 已处理 6/10 篇文章
2025-02-24 23:04:27,983 - INFO - 开始提取文章详细信息: https://kekenet.com/lesson/118-253240
2025-02-24 23:04:27,983 - INFO - ====== WebDriver manager ======
2025-02-24 23:04:28,258 - INFO - Get LATEST chromedriver version for google-chrome
2025-02-24 23:04:31,299 - INFO - Get LATEST chromedriver version for google-chrome
2025-02-24 23:04:32,089 - INFO - Driver [/Users/songbinbin/.wdm/drivers/chromedriver/mac64/133.0.6943.126/chromedriver-mac-x64/chromedriver] found in cache
2025-02-24 23:04:44,196 - INFO - MP3文件已保存到: /Users/songbinbin/Downloads/reading_app/book/read_book/voa_tingclass/可可英语/英语入门/可可英语/英语入门/千万别学英语/mp3/118-253240.mp3
2025-02-24 23:04:44,201 - INFO - HTML内容已保存到: /Users/songbinbin/Downloads/reading_app/book/read_book/voa_tingclass/可可英语/英语入门/可可英语/英语入门/千万别学英语/html/118-253240.html
2025-02-24 23:04:44,374 - INFO - 第 9 页: 已处理 7/10 篇文章
2025-02-24 23:04:45,439 - INFO - 开始提取文章详细信息: https://kekenet.com/lesson/118-253239
2025-02-24 23:04:45,440 - INFO - ====== WebDriver manager ======
2025-02-24 23:04:45,695 - INFO - Get LATEST chromedriver version for google-chrome
2025-02-24 23:04:46,129 - INFO - Get LATEST chromedriver version for google-chrome
2025-02-24 23:04:46,732 - INFO - Driver [/Users/songbinbin/.wdm/drivers/chromedriver/mac64/133.0.6943.126/chromedriver-mac-x64/chromedriver] found in cache
2025-02-24 23:04:54,671 - INFO - MP3文件已保存到: /Users/songbinbin/Downloads/reading_app/book/read_book/voa_tingclass/可可英语/英语入门/可可英语/英语入门/千万别学英语/mp3/118-253239.mp3
2025-02-24 23:04:54,674 - INFO - HTML内容已保存到: /Users/songbinbin/Downloads/reading_app/book/read_book/voa_tingclass/可可英语/英语入门/可可英语/英语入门/千万别学英语/html/118-253239.html
2025-02-24 23:04:54,847 - INFO - 第 9 页: 已处理 8/10 篇文章
2025-02-24 23:04:55,912 - INFO - 开始提取文章详细信息: https://kekenet.com/lesson/118-253020
2025-02-24 23:04:55,913 - INFO - ====== WebDriver manager ======
2025-02-24 23:04:56,184 - INFO - Get LATEST chromedriver version for google-chrome
2025-02-24 23:04:56,707 - INFO - Get LATEST chromedriver version for google-chrome
2025-02-24 23:04:57,105 - INFO - Driver [/Users/songbinbin/.wdm/drivers/chromedriver/mac64/133.0.6943.126/chromedriver-mac-x64/chromedriver] found in cache
2025-02-24 23:05:08,415 - INFO - MP3文件已保存到: /Users/songbinbin/Downloads/reading_app/book/read_book/voa_tingclass/可可英语/英语入门/可可英语/英语入门/千万别学英语/mp3/118-253020.mp3
2025-02-24 23:05:08,419 - INFO - HTML内容已保存到: /Users/songbinbin/Downloads/reading_app/book/read_book/voa_tingclass/可可英语/英语入门/可可英语/英语入门/千万别学英语/html/118-253020.html
2025-02-24 23:05:08,582 - INFO - 第 9 页: 已处理 9/10 篇文章
2025-02-24 23:05:09,642 - INFO - 开始提取文章详细信息: https://kekenet.com/lesson/118-253018
2025-02-24 23:05:09,642 - INFO - ====== WebDriver manager ======
2025-02-24 23:05:09,901 - INFO - Get LATEST chromedriver version for google-chrome
2025-02-24 23:05:10,218 - INFO - Get LATEST chromedriver version for google-chrome
2025-02-24 23:05:10,540 - INFO - Driver [/Users/songbinbin/.wdm/drivers/chromedriver/mac64/133.0.6943.126/chromedriver-mac-x64/chromedriver] found in cache
2025-02-24 23:05:23,749 - INFO - MP3文件已保存到: /Users/songbinbin/Downloads/reading_app/book/read_book/voa_tingclass/可可英语/英语入门/可可英语/英语入门/千万别学英语/mp3/118-253018.mp3
2025-02-24 23:05:23,754 - INFO - HTML内容已保存到: /Users/songbinbin/Downloads/reading_app/book/read_book/voa_tingclass/可可英语/英语入门/可可英语/英语入门/千万别学英语/html/118-253018.html
2025-02-24 23:05:23,920 - INFO - 第 9 页: 已处理 10/10 篇文章
2025-02-24 23:05:25,958 - INFO - 正在处理第 10 页
2025-02-24 23:05:27,049 - INFO - 开始提取文章详细信息: https://kekenet.com/lesson/118-253016
2025-02-24 23:05:27,050 - INFO - ====== WebDriver manager ======
2025-02-24 23:05:27,312 - INFO - Get LATEST chromedriver version for google-chrome
2025-02-24 23:05:27,572 - INFO - Get LATEST chromedriver version for google-chrome
2025-02-24 23:05:28,011 - INFO - Driver [/Users/songbinbin/.wdm/drivers/chromedriver/mac64/133.0.6943.126/chromedriver-mac-x64/chromedriver] found in cache
2025-02-24 23:05:36,219 - INFO - MP3文件已保存到: /Users/songbinbin/Downloads/reading_app/book/read_book/voa_tingclass/可可英语/英语入门/可可英语/英语入门/千万别学英语/mp3/118-253016.mp3
2025-02-24 23:05:36,223 - INFO - HTML内容已保存到: /Users/songbinbin/Downloads/reading_app/book/read_book/voa_tingclass/可可英语/英语入门/可可英语/英语入门/千万别学英语/html/118-253016.html
2025-02-24 23:05:36,392 - INFO - 第 10 页: 已处理 1/10 篇文章
2025-02-24 23:05:37,456 - INFO - 开始提取文章详细信息: https://kekenet.com/lesson/118-253014
2025-02-24 23:05:37,456 - INFO - ====== WebDriver manager ======
2025-02-24 23:05:37,711 - INFO - Get LATEST chromedriver version for google-chrome
2025-02-24 23:05:38,161 - INFO - Get LATEST chromedriver version for google-chrome
2025-02-24 23:05:38,468 - INFO - Driver [/Users/songbinbin/.wdm/drivers/chromedriver/mac64/133.0.6943.126/chromedriver-mac-x64/chromedriver] found in cache
2025-02-24 23:05:43,374 - INFO - MP3文件已保存到: /Users/songbinbin/Downloads/reading_app/book/read_book/voa_tingclass/可可英语/英语入门/可可英语/英语入门/千万别学英语/mp3/118-253014.mp3
2025-02-24 23:05:43,379 - INFO - HTML内容已保存到: /Users/songbinbin/Downloads/reading_app/book/read_book/voa_tingclass/可可英语/英语入门/可可英语/英语入门/千万别学英语/html/118-253014.html
2025-02-24 23:05:43,539 - INFO - 第 10 页: 已处理 2/10 篇文章
2025-02-24 23:05:44,607 - INFO - 开始提取文章详细信息: https://kekenet.com/lesson/118-253012
2025-02-24 23:05:44,607 - INFO - ====== WebDriver manager ======
2025-02-24 23:05:44,870 - INFO - Get LATEST chromedriver version for google-chrome
2025-02-24 23:05:45,181 - INFO - Get LATEST chromedriver version for google-chrome
2025-02-24 23:05:45,472 - INFO - Driver [/Users/songbinbin/.wdm/drivers/chromedriver/mac64/133.0.6943.126/chromedriver-mac-x64/chromedriver] found in cache
2025-02-24 23:05:53,321 - INFO - MP3文件已保存到: /Users/songbinbin/Downloads/reading_app/book/read_book/voa_tingclass/可可英语/英语入门/可可英语/英语入门/千万别学英语/mp3/118-253012.mp3
2025-02-24 23:05:53,325 - INFO - HTML内容已保存到: /Users/songbinbin/Downloads/reading_app/book/read_book/voa_tingclass/可可英语/英语入门/可可英语/英语入门/千万别学英语/html/118-253012.html
2025-02-24 23:05:53,496 - INFO - 第 10 页: 已处理 3/10 篇文章
2025-02-24 23:05:54,560 - INFO - 开始提取文章详细信息: https://kekenet.com/lesson/118-253010
2025-02-24 23:05:54,560 - INFO - ====== WebDriver manager ======
2025-02-24 23:05:54,816 - INFO - Get LATEST chromedriver version for google-chrome
2025-02-24 23:05:55,113 - INFO - Get LATEST chromedriver version for google-chrome
2025-02-24 23:05:55,405 - INFO - Driver [/Users/songbinbin/.wdm/drivers/chromedriver/mac64/133.0.6943.126/chromedriver-mac-x64/chromedriver] found in cache
2025-02-24 23:06:11,778 - INFO - MP3文件已保存到: /Users/songbinbin/Downloads/reading_app/book/read_book/voa_tingclass/可可英语/英语入门/可可英语/英语入门/千万别学英语/mp3/118-253010.mp3
2025-02-24 23:06:11,782 - INFO - HTML内容已保存到: /Users/songbinbin/Downloads/reading_app/book/read_book/voa_tingclass/可可英语/英语入门/可可英语/英语入门/千万别学英语/html/118-253010.html
2025-02-24 23:06:11,960 - INFO - 第 10 页: 已处理 4/10 篇文章
2025-02-24 23:06:13,022 - INFO - 开始提取文章详细信息: https://kekenet.com/lesson/118-253008
2025-02-24 23:06:13,022 - INFO - ====== WebDriver manager ======
2025-02-24 23:06:13,277 - INFO - Get LATEST chromedriver version for google-chrome
2025-02-24 23:06:13,542 - INFO - Get LATEST chromedriver version for google-chrome
2025-02-24 23:06:13,825 - INFO - Driver [/Users/songbinbin/.wdm/drivers/chromedriver/mac64/133.0.6943.126/chromedriver-mac-x64/chromedriver] found in cache
2025-02-24 23:06:26,667 - INFO - MP3文件已保存到: /Users/songbinbin/Downloads/reading_app/book/read_book/voa_tingclass/可可英语/英语入门/可可英语/英语入门/千万别学英语/mp3/118-253008.mp3
2025-02-24 23:06:26,670 - INFO - HTML内容已保存到: /Users/songbinbin/Downloads/reading_app/book/read_book/voa_tingclass/可可英语/英语入门/可可英语/英语入门/千万别学英语/html/118-253008.html
2025-02-24 23:06:26,838 - INFO - 第 10 页: 已处理 5/10 篇文章
2025-02-24 23:06:27,905 - INFO - 开始提取文章详细信息: https://kekenet.com/lesson/118-253007
2025-02-24 23:06:27,905 - INFO - ====== WebDriver manager ======
2025-02-24 23:06:28,165 - INFO - Get LATEST chromedriver version for google-chrome
2025-02-24 23:06:28,491 - INFO - Get LATEST chromedriver version for google-chrome
2025-02-24 23:06:28,765 - INFO - Driver [/Users/songbinbin/.wdm/drivers/chromedriver/mac64/133.0.6943.126/chromedriver-mac-x64/chromedriver] found in cache
2025-02-24 23:06:34,114 - INFO - MP3文件已保存到: /Users/songbinbin/Downloads/reading_app/book/read_book/voa_tingclass/可可英语/英语入门/可可英语/英语入门/千万别学英语/mp3/118-253007.mp3
2025-02-24 23:06:34,118 - INFO - HTML内容已保存到: /Users/songbinbin/Downloads/reading_app/book/read_book/voa_tingclass/可可英语/英语入门/可可英语/英语入门/千万别学英语/html/118-253007.html
2025-02-24 23:06:34,276 - INFO - 第 10 页: 已处理 6/10 篇文章
2025-02-24 23:06:35,336 - INFO - 开始提取文章详细信息: https://kekenet.com/lesson/118-252633
2025-02-24 23:06:35,337 - INFO - ====== WebDriver manager ======
2025-02-24 23:06:35,598 - INFO - Get LATEST chromedriver version for google-chrome
2025-02-24 23:06:35,904 - INFO - Get LATEST chromedriver version for google-chrome
2025-02-24 23:06:36,215 - INFO - Driver [/Users/songbinbin/.wdm/drivers/chromedriver/mac64/133.0.6943.126/chromedriver-mac-x64/chromedriver] found in cache
2025-02-24 23:06:43,731 - INFO - MP3文件已保存到: /Users/songbinbin/Downloads/reading_app/book/read_book/voa_tingclass/可可英语/英语入门/可可英语/英语入门/千万别学英语/mp3/118-252633.mp3
2025-02-24 23:06:43,735 - INFO - HTML内容已保存到: /Users/songbinbin/Downloads/reading_app/book/read_book/voa_tingclass/可可英语/英语入门/可可英语/英语入门/千万别学英语/html/118-252633.html
2025-02-24 23:06:43,895 - INFO - 第 10 页: 已处理 7/10 篇文章
2025-02-24 23:06:44,966 - INFO - 开始提取文章详细信息: https://kekenet.com/lesson/118-252632
2025-02-24 23:06:44,966 - INFO - ====== WebDriver manager ======
2025-02-24 23:06:45,212 - INFO - Get LATEST chromedriver version for google-chrome
2025-02-24 23:06:45,496 - INFO - Get LATEST chromedriver version for google-chrome
2025-02-24 23:06:45,767 - INFO - Driver [/Users/songbinbin/.wdm/drivers/chromedriver/mac64/133.0.6943.126/chromedriver-mac-x64/chromedriver] found in cache
2025-02-24 23:07:04,222 - INFO - MP3文件已保存到: /Users/songbinbin/Downloads/reading_app/book/read_book/voa_tingclass/可可英语/英语入门/可可英语/英语入门/千万别学英语/mp3/118-252632.mp3
2025-02-24 23:07:04,225 - INFO - HTML内容已保存到: /Users/songbinbin/Downloads/reading_app/book/read_book/voa_tingclass/可可英语/英语入门/可可英语/英语入门/千万别学英语/html/118-252632.html
2025-02-24 23:07:04,395 - INFO - 第 10 页: 已处理 8/10 篇文章
2025-02-24 23:07:05,461 - INFO - 开始提取文章详细信息: https://kekenet.com/lesson/118-252631
2025-02-24 23:07:05,461 - INFO - ====== WebDriver manager ======
2025-02-24 23:07:05,730 - INFO - Get LATEST chromedriver version for google-chrome
2025-02-24 23:07:06,194 - INFO - Get LATEST chromedriver version for google-chrome
2025-02-24 23:07:06,525 - INFO - Driver [/Users/songbinbin/.wdm/drivers/chromedriver/mac64/133.0.6943.126/chromedriver-mac-x64/chromedriver] found in cache
2025-02-24 23:07:11,564 - INFO - MP3文件已保存到: /Users/songbinbin/Downloads/reading_app/book/read_book/voa_tingclass/可可英语/英语入门/可可英语/英语入门/千万别学英语/mp3/118-252631.mp3
2025-02-24 23:07:11,568 - INFO - HTML内容已保存到: /Users/songbinbin/Downloads/reading_app/book/read_book/voa_tingclass/可可英语/英语入门/可可英语/英语入门/千万别学英语/html/118-252631.html
2025-02-24 23:07:11,734 - INFO - 第 10 页: 已处理 9/10 篇文章
2025-02-24 23:07:12,796 - INFO - 开始提取文章详细信息: https://kekenet.com/lesson/118-252630
2025-02-24 23:07:12,796 - INFO - ====== WebDriver manager ======
2025-02-24 23:07:13,052 - INFO - Get LATEST chromedriver version for google-chrome
2025-02-24 23:07:13,326 - INFO - Get LATEST chromedriver version for google-chrome
2025-02-24 23:07:14,248 - INFO - Driver [/Users/songbinbin/.wdm/drivers/chromedriver/mac64/133.0.6943.126/chromedriver-mac-x64/chromedriver] found in cache
2025-02-24 23:07:22,734 - INFO - MP3文件已保存到: /Users/songbinbin/Downloads/reading_app/book/read_book/voa_tingclass/可可英语/英语入门/可可英语/英语入门/千万别学英语/mp3/118-252630.mp3
2025-02-24 23:07:22,739 - INFO - HTML内容已保存到: /Users/songbinbin/Downloads/reading_app/book/read_book/voa_tingclass/可可英语/英语入门/可可英语/英语入门/千万别学英语/html/118-252630.html
2025-02-24 23:07:22,908 - INFO - 第 10 页: 已处理 10/10 篇文章
2025-02-24 23:07:24,949 - INFO - 正在处理第 11 页
2025-02-24 23:07:26,034 - INFO - 开始提取文章详细信息: https://kekenet.com/lesson/118-252628
2025-02-24 23:07:26,034 - INFO - ====== WebDriver manager ======
2025-02-24 23:07:26,293 - INFO - Get LATEST chromedriver version for google-chrome
2025-02-24 23:07:26,635 - INFO - Get LATEST chromedriver version for google-chrome
2025-02-24 23:07:26,930 - INFO - Driver [/Users/songbinbin/.wdm/drivers/chromedriver/mac64/133.0.6943.126/chromedriver-mac-x64/chromedriver] found in cache
2025-02-24 23:07:35,311 - INFO - MP3文件已保存到: /Users/songbinbin/Downloads/reading_app/book/read_book/voa_tingclass/可可英语/英语入门/可可英语/英语入门/千万别学英语/mp3/118-252628.mp3
2025-02-24 23:07:35,315 - INFO - HTML内容已保存到: /Users/songbinbin/Downloads/reading_app/book/read_book/voa_tingclass/可可英语/英语入门/可可英语/英语入门/千万别学英语/html/118-252628.html
2025-02-24 23:07:35,484 - INFO - 第 11 页: 已处理 1/10 篇文章
2025-02-24 23:07:36,544 - INFO - 开始提取文章详细信息: https://kekenet.com/lesson/118-252627
2025-02-24 23:07:36,545 - INFO - ====== WebDriver manager ======
2025-02-24 23:07:36,808 - INFO - Get LATEST chromedriver version for google-chrome
2025-02-24 23:07:37,140 - INFO - Get LATEST chromedriver version for google-chrome
2025-02-24 23:07:37,632 - INFO - Driver [/Users/songbinbin/.wdm/drivers/chromedriver/mac64/133.0.6943.126/chromedriver-mac-x64/chromedriver] found in cache
2025-02-24 23:07:45,730 - INFO - MP3文件已保存到: /Users/songbinbin/Downloads/reading_app/book/read_book/voa_tingclass/可可英语/英语入门/可可英语/英语入门/千万别学英语/mp3/118-252627.mp3
2025-02-24 23:07:45,734 - INFO - HTML内容已保存到: /Users/songbinbin/Downloads/reading_app/book/read_book/voa_tingclass/可可英语/英语入门/可可英语/英语入门/千万别学英语/html/118-252627.html
2025-02-24 23:07:45,903 - INFO - 第 11 页: 已处理 2/10 篇文章
2025-02-24 23:07:46,966 - INFO - 开始提取文章详细信息: https://kekenet.com/lesson/118-252625
2025-02-24 23:07:46,966 - INFO - ====== WebDriver manager ======
2025-02-24 23:07:47,231 - INFO - Get LATEST chromedriver version for google-chrome
2025-02-24 23:07:47,778 - INFO - Get LATEST chromedriver version for google-chrome
2025-02-24 23:07:48,294 - INFO - Driver [/Users/songbinbin/.wdm/drivers/chromedriver/mac64/133.0.6943.126/chromedriver-mac-x64/chromedriver] found in cache
2025-02-24 23:07:57,733 - INFO - MP3文件已保存到: /Users/songbinbin/Downloads/reading_app/book/read_book/voa_tingclass/可可英语/英语入门/可可英语/英语入门/千万别学英语/mp3/118-252625.mp3
2025-02-24 23:07:57,737 - INFO - HTML内容已保存到: /Users/songbinbin/Downloads/reading_app/book/read_book/voa_tingclass/可可英语/英语入门/可可英语/英语入门/千万别学英语/html/118-252625.html
2025-02-24 23:07:57,901 - INFO - 第 11 页: 已处理 3/10 篇文章
2025-02-24 23:07:58,972 - INFO - 开始提取文章详细信息: https://kekenet.com/lesson/118-252461
2025-02-24 23:07:58,972 - INFO - ====== WebDriver manager ======
2025-02-24 23:07:59,236 - INFO - Get LATEST chromedriver version for google-chrome
2025-02-24 23:08:00,899 - INFO - Get LATEST chromedriver version for google-chrome
2025-02-24 23:08:03,183 - INFO - Driver [/Users/songbinbin/.wdm/drivers/chromedriver/mac64/133.0.6943.126/chromedriver-mac-x64/chromedriver] found in cache
2025-02-24 23:08:15,675 - INFO - MP3文件已保存到: /Users/songbinbin/Downloads/reading_app/book/read_book/voa_tingclass/可可英语/英语入门/可可英语/英语入门/千万别学英语/mp3/118-252461.mp3
2025-02-24 23:08:15,680 - INFO - HTML内容已保存到: /Users/songbinbin/Downloads/reading_app/book/read_book/voa_tingclass/可可英语/英语入门/可可英语/英语入门/千万别学英语/html/118-252461.html
2025-02-24 23:08:15,846 - INFO - 第 11 页: 已处理 4/10 篇文章
2025-02-24 23:08:16,906 - INFO - 开始提取文章详细信息: https://kekenet.com/lesson/118-184674
2025-02-24 23:08:16,907 - INFO - ====== WebDriver manager ======
2025-02-24 23:08:17,173 - INFO - Get LATEST chromedriver version for google-chrome
2025-02-24 23:08:18,216 - INFO - Get LATEST chromedriver version for google-chrome
2025-02-24 23:08:19,613 - INFO - Driver [/Users/songbinbin/.wdm/drivers/chromedriver/mac64/133.0.6943.126/chromedriver-mac-x64/chromedriver] found in cache
2025-02-24 23:08:29,781 - INFO - MP3文件已保存到: /Users/songbinbin/Downloads/reading_app/book/read_book/voa_tingclass/可可英语/英语入门/可可英语/英语入门/千万别学英语/mp3/118-184674.mp3
2025-02-24 23:08:29,785 - INFO - HTML内容已保存到: /Users/songbinbin/Downloads/reading_app/book/read_book/voa_tingclass/可可英语/英语入门/可可英语/英语入门/千万别学英语/html/118-184674.html
2025-02-24 23:08:29,957 - INFO - 第 11 页: 已处理 5/10 篇文章
2025-02-24 23:08:31,022 - INFO - 开始提取文章详细信息: https://kekenet.com/lesson/118-3956
2025-02-24 23:08:31,022 - INFO - ====== WebDriver manager ======
2025-02-24 23:08:31,297 - INFO - Get LATEST chromedriver version for google-chrome
2025-02-24 23:08:32,074 - INFO - Get LATEST chromedriver version for google-chrome
2025-02-24 23:08:32,831 - ERROR - 提取文章详细信息失败: Could not reach host. Are you offline?
2025-02-24 23:08:32,912 - INFO - 第 11 页: 已处理 6/10 篇文章
2025-02-24 23:08:33,967 - INFO - 开始提取文章详细信息: https://kekenet.com/lesson/118-3955
2025-02-24 23:08:33,968 - INFO - ====== WebDriver manager ======
2025-02-24 23:08:34,184 - INFO - Get LATEST chromedriver version for google-chrome
2025-02-24 23:08:36,576 - INFO - Get LATEST chromedriver version for google-chrome
2025-02-24 23:08:37,158 - INFO - Driver [/Users/songbinbin/.wdm/drivers/chromedriver/mac64/133.0.6943.126/chromedriver-mac-x64/chromedriver] found in cache
2025-02-24 23:08:48,112 - INFO - MP3文件已保存到: /Users/songbinbin/Downloads/reading_app/book/read_book/voa_tingclass/可可英语/英语入门/可可英语/英语入门/千万别学英语/mp3/118-3955.mp3
2025-02-24 23:08:48,116 - INFO - HTML内容已保存到: /Users/songbinbin/Downloads/reading_app/book/read_book/voa_tingclass/可可英语/英语入门/可可英语/英语入门/千万别学英语/html/118-3955.html
2025-02-24 23:08:48,287 - INFO - 第 11 页: 已处理 7/10 篇文章
2025-02-24 23:08:49,358 - INFO - 开始提取文章详细信息: https://kekenet.com/lesson/118-3954
2025-02-24 23:08:49,358 - INFO - ====== WebDriver manager ======
2025-02-24 23:08:49,622 - INFO - Get LATEST chromedriver version for google-chrome
2025-02-24 23:08:50,228 - INFO - Get LATEST chromedriver version for google-chrome
2025-02-24 23:08:50,739 - INFO - Driver [/Users/songbinbin/.wdm/drivers/chromedriver/mac64/133.0.6943.126/chromedriver-mac-x64/chromedriver] found in cache
2025-02-24 23:09:01,625 - INFO - MP3文件已保存到: /Users/songbinbin/Downloads/reading_app/book/read_book/voa_tingclass/可可英语/英语入门/可可英语/英语入门/千万别学英语/mp3/118-3954.mp3
2025-02-24 23:09:01,629 - INFO - HTML内容已保存到: /Users/songbinbin/Downloads/reading_app/book/read_book/voa_tingclass/可可英语/英语入门/可可英语/英语入门/千万别学英语/html/118-3954.html
2025-02-24 23:09:01,796 - INFO - 第 11 页: 已处理 8/10 篇文章
2025-02-24 23:09:02,863 - INFO - 开始提取文章详细信息: https://kekenet.com/lesson/118-3953
2025-02-24 23:09:02,863 - INFO - ====== WebDriver manager ======
2025-02-24 23:09:03,127 - INFO - Get LATEST chromedriver version for google-chrome
2025-02-24 23:09:03,925 - INFO - Get LATEST chromedriver version for google-chrome
2025-02-24 23:09:04,998 - INFO - Driver [/Users/songbinbin/.wdm/drivers/chromedriver/mac64/133.0.6943.126/chromedriver-mac-x64/chromedriver] found in cache
2025-02-24 23:09:10,338 - INFO - MP3文件已保存到: /Users/songbinbin/Downloads/reading_app/book/read_book/voa_tingclass/可可英语/英语入门/可可英语/英语入门/千万别学英语/mp3/118-3953.mp3
2025-02-24 23:09:10,342 - INFO - HTML内容已保存到: /Users/songbinbin/Downloads/reading_app/book/read_book/voa_tingclass/可可英语/英语入门/可可英语/英语入门/千万别学英语/html/118-3953.html
2025-02-24 23:09:10,506 - INFO - 第 11 页: 已处理 9/10 篇文章
2025-02-24 23:09:11,589 - INFO - 开始提取文章详细信息: https://kekenet.com/lesson/118-3952
2025-02-24 23:09:11,589 - INFO - ====== WebDriver manager ======
2025-02-24 23:09:11,850 - INFO - Get LATEST chromedriver version for google-chrome
2025-02-24 23:09:12,311 - INFO - Get LATEST chromedriver version for google-chrome
2025-02-24 23:09:12,592 - INFO - Driver [/Users/songbinbin/.wdm/drivers/chromedriver/mac64/133.0.6943.126/chromedriver-mac-x64/chromedriver] found in cache
2025-02-24 23:09:20,093 - INFO - MP3文件已保存到: /Users/songbinbin/Downloads/reading_app/book/read_book/voa_tingclass/可可英语/英语入门/可可英语/英语入门/千万别学英语/mp3/118-3952.mp3
2025-02-24 23:09:20,097 - INFO - HTML内容已保存到: /Users/songbinbin/Downloads/reading_app/book/read_book/voa_tingclass/可可英语/英语入门/可可英语/英语入门/千万别学英语/html/118-3952.html
2025-02-24 23:09:20,266 - INFO - 第 11 页: 已处理 10/10 篇文章
2025-02-24 23:09:22,304 - INFO - 正在处理第 12 页
2025-02-24 23:09:23,394 - INFO - 开始提取文章详细信息: https://kekenet.com/lesson/118-3951
2025-02-24 23:09:23,394 - INFO - ====== WebDriver manager ======
2025-02-24 23:09:23,652 - INFO - Get LATEST chromedriver version for google-chrome
2025-02-24 23:09:23,990 - INFO - Get LATEST chromedriver version for google-chrome
2025-02-24 23:09:24,632 - INFO - Driver [/Users/songbinbin/.wdm/drivers/chromedriver/mac64/133.0.6943.126/chromedriver-mac-x64/chromedriver] found in cache
2025-02-24 23:10:06,862 - INFO - MP3文件已保存到: /Users/songbinbin/Downloads/reading_app/book/read_book/voa_tingclass/可可英语/英语入门/可可英语/英语入门/千万别学英语/mp3/118-3951.mp3
2025-02-24 23:10:06,865 - INFO - HTML内容已保存到: /Users/songbinbin/Downloads/reading_app/book/read_book/voa_tingclass/可可英语/英语入门/可可英语/英语入门/千万别学英语/html/118-3951.html
2025-02-24 23:10:07,035 - INFO - 第 12 页: 已处理 1/8 篇文章
2025-02-24 23:10:08,101 - INFO - 开始提取文章详细信息: https://kekenet.com/lesson/118-3950
2025-02-24 23:10:08,101 - INFO - ====== WebDriver manager ======
2025-02-24 23:10:08,381 - INFO - Get LATEST chromedriver version for google-chrome
2025-02-24 23:10:08,739 - INFO - Get LATEST chromedriver version for google-chrome
2025-02-24 23:10:08,997 - INFO - Driver [/Users/songbinbin/.wdm/drivers/chromedriver/mac64/133.0.6943.126/chromedriver-mac-x64/chromedriver] found in cache
2025-02-24 23:10:18,024 - INFO - MP3文件已保存到: /Users/songbinbin/Downloads/reading_app/book/read_book/voa_tingclass/可可英语/英语入门/可可英语/英语入门/千万别学英语/mp3/118-3950.mp3
2025-02-24 23:10:18,030 - INFO - HTML内容已保存到: /Users/songbinbin/Downloads/reading_app/book/read_book/voa_tingclass/可可英语/英语入门/可可英语/英语入门/千万别学英语/html/118-3950.html
2025-02-24 23:10:18,198 - INFO - 第 12 页: 已处理 2/8 篇文章
2025-02-24 23:10:19,255 - INFO - 开始提取文章详细信息: https://kekenet.com/lesson/118-3949
2025-02-24 23:10:19,255 - INFO - ====== WebDriver manager ======
2025-02-24 23:10:19,538 - INFO - Get LATEST chromedriver version for google-chrome
2025-02-24 23:10:20,426 - INFO - Get LATEST chromedriver version for google-chrome
2025-02-24 23:10:20,941 - INFO - Driver [/Users/songbinbin/.wdm/drivers/chromedriver/mac64/133.0.6943.126/chromedriver-mac-x64/chromedriver] found in cache
2025-02-24 23:10:31,205 - INFO - MP3文件已保存到: /Users/songbinbin/Downloads/reading_app/book/read_book/voa_tingclass/可可英语/英语入门/可可英语/英语入门/千万别学英语/mp3/118-3949.mp3
2025-02-24 23:10:31,210 - INFO - HTML内容已保存到: /Users/songbinbin/Downloads/reading_app/book/read_book/voa_tingclass/可可英语/英语入门/可可英语/英语入门/千万别学英语/html/118-3949.html
2025-02-24 23:10:31,382 - INFO - 第 12 页: 已处理 3/8 篇文章
2025-02-24 23:10:32,451 - INFO - 开始提取文章详细信息: https://kekenet.com/lesson/118-3948
2025-02-24 23:10:32,451 - INFO - ====== WebDriver manager ======
2025-02-24 23:10:32,722 - INFO - Get LATEST chromedriver version for google-chrome
2025-02-24 23:10:37,050 - INFO - Get LATEST chromedriver version for google-chrome
2025-02-24 23:10:44,429 - ERROR - 提取文章详细信息失败: Could not reach host. Are you offline?
2025-02-24 23:10:44,495 - INFO - 第 12 页: 已处理 4/8 篇文章
2025-02-24 23:10:45,555 - INFO - 开始提取文章详细信息: https://kekenet.com/lesson/118-3947
2025-02-24 23:10:45,555 - INFO - ====== WebDriver manager ======
2025-02-24 23:10:45,766 - INFO - Get LATEST chromedriver version for google-chrome
2025-02-24 23:10:53,674 - INFO - Get LATEST chromedriver version for google-chrome
2025-02-24 23:11:00,179 - INFO - Driver [/Users/songbinbin/.wdm/drivers/chromedriver/mac64/133.0.6943.126/chromedriver-mac-x64/chromedriver] found in cache
2025-02-24 23:11:08,181 - INFO - MP3文件已保存到: /Users/songbinbin/Downloads/reading_app/book/read_book/voa_tingclass/可可英语/英语入门/可可英语/英语入门/千万别学英语/mp3/118-3947.mp3
2025-02-24 23:11:08,185 - INFO - HTML内容已保存到: /Users/songbinbin/Downloads/reading_app/book/read_book/voa_tingclass/可可英语/英语入门/可可英语/英语入门/千万别学英语/html/118-3947.html
2025-02-24 23:11:08,455 - INFO - 第 12 页: 已处理 5/8 篇文章
2025-02-24 23:11:09,530 - INFO - 开始提取文章详细信息: https://kekenet.com/lesson/118-3946
2025-02-24 23:11:09,530 - INFO - ====== WebDriver manager ======
2025-02-24 23:11:09,793 - INFO - Get LATEST chromedriver version for google-chrome
2025-02-24 23:11:17,495 - INFO - Get LATEST chromedriver version for google-chrome
2025-02-24 23:11:25,316 - INFO - Driver [/Users/songbinbin/.wdm/drivers/chromedriver/mac64/133.0.6943.126/chromedriver-mac-x64/chromedriver] found in cache
2025-02-24 23:11:38,460 - INFO - MP3文件已保存到: /Users/songbinbin/Downloads/reading_app/book/read_book/voa_tingclass/可可英语/英语入门/可可英语/英语入门/千万别学英语/mp3/118-3946.mp3
2025-02-24 23:11:38,464 - INFO - HTML内容已保存到: /Users/songbinbin/Downloads/reading_app/book/read_book/voa_tingclass/可可英语/英语入门/可可英语/英语入门/千万别学英语/html/118-3946.html
2025-02-24 23:11:38,631 - INFO - 第 12 页: 已处理 6/8 篇文章
2025-02-24 23:11:39,706 - INFO - 开始提取文章详细信息: https://kekenet.com/lesson/118-3945
2025-02-24 23:11:39,707 - INFO - ====== WebDriver manager ======
2025-02-24 23:11:39,968 - INFO - Get LATEST chromedriver version for google-chrome
2025-02-24 23:11:47,811 - INFO - Get LATEST chromedriver version for google-chrome
2025-02-24 23:11:55,864 - ERROR - 提取文章详细信息失败: Could not reach host. Are you offline?
2025-02-24 23:11:55,930 - INFO - 第 12 页: 已处理 7/8 篇文章
2025-02-24 23:11:56,985 - INFO - 开始提取文章详细信息: https://kekenet.com/lesson/118-13403
2025-02-24 23:11:56,985 - INFO - ====== WebDriver manager ======
2025-02-24 23:11:57,201 - INFO - Get LATEST chromedriver version for google-chrome
2025-02-24 23:12:05,260 - ERROR - 提取文章详细信息失败: Could not reach host. Are you offline?
2025-02-24 23:12:05,330 - INFO - 第 12 页: 已处理 8/8 篇文章
2025-02-24 23:12:05,355 - INFO - 已到达最后一页
2025-02-24 23:12:05,358 - INFO - 文章信息已保存到: 可可英语/英语入门/千万别学英语/qianwanbiexueyingyu.json
2025-02-24 23:12:05,358 - INFO - 共保存 112 篇完整文章
2025-02-24 23:12:05,358 - INFO - 成功提取所有文章信息，共 112 篇
